Started GET "/" for ::1 at 2017-04-03 16:40:13 -0700
  [1m[36mActiveRecord::SchemaMigration Load (6.9ms)[0m  [1m[34mSELECT "schema_migrations".* FROM "schema_migrations"[0m
Processing by SalesforcecohortsController#index as HTML
  [1m[36mUser Load (1.4ms)[0m  [1m[34mSELECT  "users".* FROM "users" WHERE "users"."id" = $1 ORDER BY "users"."id" ASC LIMIT $2[0m  [["id", 1], ["LIMIT", 1]]
Started GET "/" for ::1 at 2017-04-03 16:40:15 -0700
Processing by SalesforcecohortsController#index as HTML
  [1m[36mUser Load (1.9ms)[0m  [1m[34mSELECT  "users".* FROM "users" WHERE "users"."id" = $1 ORDER BY "users"."id" ASC LIMIT $2[0m  [["id", 1], ["LIMIT", 1]]
Completed 500 Internal Server Error in 6ms (ActiveRecord: 1.9ms)


  
NoMethodError (undefined method `[]' for nil:NilClass):
  
app/controllers/salesforcecohorts_controller.rb:5:in `index'
  Rendering /Users/antoinekrainc/.rvm/gems/ruby-2.3.1/gems/actionpack-5.0.2/lib/action_dispatch/middleware/templates/rescues/diagnostics.html.erb within rescues/layout
  Rendering /Users/antoinekrainc/.rvm/gems/ruby-2.3.1/gems/actionpack-5.0.2/lib/action_dispatch/middleware/templates/rescues/_source.html.erb
  Rendered /Users/antoinekrainc/.rvm/gems/ruby-2.3.1/gems/actionpack-5.0.2/lib/action_dispatch/middleware/templates/rescues/_source.html.erb (3.2ms)
  Rendering /Users/antoinekrainc/.rvm/gems/ruby-2.3.1/gems/actionpack-5.0.2/lib/action_dispatch/middleware/templates/rescues/_trace.html.erb
  Rendered /Users/antoinekrainc/.rvm/gems/ruby-2.3.1/gems/actionpack-5.0.2/lib/action_dispatch/middleware/templates/rescues/_trace.html.erb (2.5ms)
  Rendering /Users/antoinekrainc/.rvm/gems/ruby-2.3.1/gems/actionpack-5.0.2/lib/action_dispatch/middleware/templates/rescues/_request_and_response.html.erb
  Rendered /Users/antoinekrainc/.rvm/gems/ruby-2.3.1/gems/actionpack-5.0.2/lib/action_dispatch/middleware/templates/rescues/_request_and_response.html.erb (1.0ms)
  Rendered /Users/antoinekrainc/.rvm/gems/ruby-2.3.1/gems/actionpack-5.0.2/lib/action_dispatch/middleware/templates/rescues/diagnostics.html.erb within rescues/layout (87.0ms)
  Rendering salesforcecohorts/index.html.erb within layouts/application
  Rendered salesforcecohorts/index.html.erb within layouts/application (178.9ms)
Completed 200 OK in 4870ms (Views: 460.2ms | ActiveRecord: 7.7ms)


Started GET "/" for ::1 at 2017-04-03 16:43:09 -0700
  [1m[36mActiveRecord::SchemaMigration Load (0.5ms)[0m  [1m[34mSELECT "schema_migrations".* FROM "schema_migrations"[0m
Processing by SalesforcecohortsController#index as HTML
  [1m[36mUser Load (1.2ms)[0m  [1m[34mSELECT  "users".* FROM "users" WHERE "users"."id" = $1 ORDER BY "users"."id" ASC LIMIT $2[0m  [["id", 1], ["LIMIT", 1]]
  Rendering salesforcecohorts/index.html.erb within layouts/application
  Rendered salesforcecohorts/index.html.erb within layouts/application (210.6ms)
Completed 200 OK in 4281ms (Views: 492.7ms | ActiveRecord: 6.5ms)


Started GET "/users/edit" for ::1 at 2017-04-03 16:43:19 -0700
Processing by Devise::RegistrationsController#edit as HTML
  [1m[36mUser Load (19.3ms)[0m  [1m[34mSELECT  "users".* FROM "users" WHERE "users"."id" = $1 ORDER BY "users"."id" ASC LIMIT $2[0m  [["id", 1], ["LIMIT", 1]]
  Rendering devise/registrations/edit.html.erb within layouts/application
  Rendered devise/registrations/edit.html.erb within layouts/application (2391.0ms)
Completed 200 OK in 2463ms (Views: 2436.8ms | ActiveRecord: 19.3ms)


Started DELETE "/users/sign_out" for ::1 at 2017-04-03 16:43:29 -0700
Processing by Devise::SessionsController#destroy as HTML
  Parameters: {"authenticity_token"=>"wNj0kGoepPxeL8G1R6RT8RrilXxqmFuJM0CP9TdCLBbHC82bAU9A2hdI6B1q//jxnNu+rCLqdoECDuxxaqv0AA=="}
  [1m[36mUser Load (0.7ms)[0m  [1m[34mSELECT  "users".* FROM "users" WHERE "users"."id" = $1 ORDER BY "users"."id" ASC LIMIT $2[0m  [["id", 1], ["LIMIT", 1]]
  [1m[35m (0.2ms)[0m  [1m[35mBEGIN[0m
  [1m[35m (0.2ms)[0m  [1m[35mCOMMIT[0m
Redirected to http://localhost:3000/
Completed 302 Found in 11ms (ActiveRecord: 1.1ms)


Started GET "/" for ::1 at 2017-04-03 16:43:29 -0700
Processing by SalesforcecohortsController#index as HTML
Completed 401 Unauthorized in 5ms (ActiveRecord: 0.0ms)


Started GET "/users/sign_in" for ::1 at 2017-04-03 16:43:29 -0700
Processing by Devise::SessionsController#new as HTML
  Rendering devise/sessions/new.html.erb within layouts/application
  Rendered devise/shared/_links.html.erb (3.3ms)
  Rendered devise/sessions/new.html.erb within layouts/application (37.5ms)
Completed 200 OK in 159ms (Views: 157.0ms | ActiveRecord: 0.0ms)


Started GET "/users/sign_up" for ::1 at 2017-04-03 16:43:32 -0700
Processing by Devise::RegistrationsController#new as HTML
  Rendering devise/registrations/new.html.erb within layouts/application
  Rendered devise/shared/_links.html.erb (1.0ms)
  Rendered devise/registrations/new.html.erb within layouts/application (2450.0ms)
Completed 200 OK in 2497ms (Views: 2495.8ms | ActiveRecord: 0.0ms)


Started GET "/users/sign_in" for ::1 at 2017-04-03 16:43:42 -0700
Processing by Devise::SessionsController#new as HTML
  Rendering devise/sessions/new.html.erb within layouts/application
  Rendered devise/shared/_links.html.erb (4.6ms)
  Rendered devise/sessions/new.html.erb within layouts/application (21.6ms)
Completed 200 OK in 120ms (Views: 118.1ms | ActiveRecord: 0.0ms)


Started POST "/users/sign_in" for ::1 at 2017-04-03 16:43:50 -0700
Processing by Devise::SessionsController#create as HTML
  Parameters: {"utf8"=>"✓", "authenticity_token"=>"3Wz9Gu8TrkIGLgB4SEuUyQD2ERNMtItvVLcwmcO1JjbpzGp31hC1DoN2SD8udKCU/5WR6GVB+PnpQB6twIepkQ==", "user"=>{"email"=>"antoine@productschool.com", "password"=>"[FILTERED]", "remember_me"=>"0"}, "commit"=>"Log in"}
  [1m[36mUser Load (1.6ms)[0m  [1m[34mSELECT  "users".* FROM "users" WHERE "users"."email" = $1 ORDER BY "users"."id" ASC LIMIT $2[0m  [["email", "antoine@productschool.com"], ["LIMIT", 1]]
  [1m[35m (0.2ms)[0m  [1m[35mBEGIN[0m
  [1m[35mSQL (0.5ms)[0m  [1m[33mUPDATE "users" SET "current_sign_in_at" = $1, "last_sign_in_at" = $2, "sign_in_count" = $3, "updated_at" = $4 WHERE "users"."id" = $5[0m  [["current_sign_in_at", 2017-04-03 23:43:50 UTC], ["last_sign_in_at", 2017-04-03 22:43:24 UTC], ["sign_in_count", 6], ["updated_at", 2017-04-03 23:43:50 UTC], ["id", 1]]
  [1m[35m (58.2ms)[0m  [1m[35mCOMMIT[0m
Redirected to http://localhost:3000/
Completed 302 Found in 249ms (ActiveRecord: 60.5ms)


Started GET "/" for ::1 at 2017-04-03 16:43:50 -0700
Processing by SalesforcecohortsController#index as HTML
  [1m[36mUser Load (1.0ms)[0m  [1m[34mSELECT  "users".* FROM "users" WHERE "users"."id" = $1 ORDER BY "users"."id" ASC LIMIT $2[0m  [["id", 1], ["LIMIT", 1]]
  Rendering salesforcecohorts/index.html.erb within layouts/application
  Rendered salesforcecohorts/index.html.erb within layouts/application (189.0ms)
Completed 200 OK in 2485ms (Views: 220.7ms | ActiveRecord: 1.0ms)


Started GET "/makeups/new?clicked_cohort=SF+-+COD+-+4%2F10%2F2017+-+Monday+-+3rd&clicked_day=W1B_Date__c&location=415+Jackson+St%2C+San+Francisco%2C+CA+94111" for ::1 at 2017-04-03 16:43:58 -0700
Processing by MakeupsController#new as HTML
  Parameters: {"clicked_cohort"=>"SF - COD - 4/10/2017 - Monday - 3rd", "clicked_day"=>"W1B_Date__c", "location"=>"415 Jackson St, San Francisco, CA 94111"}
  [1m[36mUser Load (0.6ms)[0m  [1m[34mSELECT  "users".* FROM "users" WHERE "users"."id" = $1 ORDER BY "users"."id" ASC LIMIT $2[0m  [["id", 1], ["LIMIT", 1]]
  [1m[35m (13.2ms)[0m  [1m[34mSELECT COUNT(*) FROM "makeups" WHERE "makeups"."clicked_day" = $1 AND "makeups"."clicked_cohort" = $2[0m  [["clicked_day", "W1B_Date__c"], ["clicked_cohort", "SF - COD - 4/10/2017 - Monday - 3rd"]]
  Rendering makeups/new.html.erb within layouts/application
  Rendered makeups/_form.html.erb (3.0ms)
  Rendered makeups/new.html.erb within layouts/application (5.4ms)
  [1m[35m (0.5ms)[0m  [1m[34mSELECT COUNT(*) FROM "makeups" WHERE "makeups"."clicked_cohort" = $1 AND "makeups"."clicked_day" = $2[0m  [["clicked_cohort", ""], ["clicked_day", "W1B_Date__c"]]
Completed 200 OK in 133ms (Views: 59.6ms | ActiveRecord: 20.1ms)


Started GET "/salesforcecohorts/index" for ::1 at 2017-04-03 16:44:00 -0700
Processing by SalesforcecohortsController#index as HTML
  [1m[36mUser Load (1.3ms)[0m  [1m[34mSELECT  "users".* FROM "users" WHERE "users"."id" = $1 ORDER BY "users"."id" ASC LIMIT $2[0m  [["id", 1], ["LIMIT", 1]]
  Rendering salesforcecohorts/index.html.erb within layouts/application
  Rendered salesforcecohorts/index.html.erb within layouts/application (189.6ms)
Completed 200 OK in 2566ms (Views: 223.5ms | ActiveRecord: 1.3ms)


Started GET "/makeups/new?clicked_cohort=SV+-+PM+-+2%2F28%2F2017+-+Tuesday+-+14th&clicked_day=W6B_Date__c&location=4500+Great+America+Pkwy%2C+Santa+Clara%2C+CA+95054" for ::1 at 2017-04-03 16:44:05 -0700
Processing by MakeupsController#new as HTML
  Parameters: {"clicked_cohort"=>"SV - PM - 2/28/2017 - Tuesday - 14th", "clicked_day"=>"W6B_Date__c", "location"=>"4500 Great America Pkwy, Santa Clara, CA 95054"}
  [1m[36mUser Load (0.9ms)[0m  [1m[34mSELECT  "users".* FROM "users" WHERE "users"."id" = $1 ORDER BY "users"."id" ASC LIMIT $2[0m  [["id", 1], ["LIMIT", 1]]
  [1m[35m (4.5ms)[0m  [1m[34mSELECT COUNT(*) FROM "makeups" WHERE "makeups"."clicked_day" = $1 AND "makeups"."clicked_cohort" = $2[0m  [["clicked_day", "W6B_Date__c"], ["clicked_cohort", "SV - PM - 2/28/2017 - Tuesday - 14th"]]
  Rendering makeups/new.html.erb within layouts/application
  Rendered makeups/_form.html.erb (6.0ms)
  Rendered makeups/new.html.erb within layouts/application (10.5ms)
  [1m[35m (0.6ms)[0m  [1m[34mSELECT COUNT(*) FROM "makeups" WHERE "makeups"."clicked_cohort" = $1 AND "makeups"."clicked_day" = $2[0m  [["clicked_cohort", ""], ["clicked_day", "W6B_Date__c"]]
Completed 200 OK in 99ms (Views: 80.9ms | ActiveRecord: 6.0ms)


Started GET "/salesforcecohorts/index" for ::1 at 2017-04-03 16:44:06 -0700
Processing by SalesforcecohortsController#index as HTML
  [1m[36mUser Load (0.5ms)[0m  [1m[34mSELECT  "users".* FROM "users" WHERE "users"."id" = $1 ORDER BY "users"."id" ASC LIMIT $2[0m  [["id", 1], ["LIMIT", 1]]
  Rendering salesforcecohorts/index.html.erb within layouts/application
  Rendered salesforcecohorts/index.html.erb within layouts/application (220.5ms)
Completed 200 OK in 2426ms (Views: 253.8ms | ActiveRecord: 0.5ms)


Started GET "/all_dates" for ::1 at 2017-04-03 16:44:11 -0700
Processing by SalesforcecohortsController#all_dates as HTML
  [1m[36mUser Load (0.5ms)[0m  [1m[34mSELECT  "users".* FROM "users" WHERE "users"."id" = $1 ORDER BY "users"."id" ASC LIMIT $2[0m  [["id", 1], ["LIMIT", 1]]
  Rendering salesforcecohorts/all_dates.html.erb within layouts/application
  Rendered salesforcecohorts/all_dates.html.erb within layouts/application (1015.0ms)
Completed 200 OK in 3143ms (Views: 1045.0ms | ActiveRecord: 0.5ms)


Started DELETE "/users/sign_out" for ::1 at 2017-04-03 16:44:20 -0700
Processing by Devise::SessionsController#destroy as HTML
  Parameters: {"authenticity_token"=>"qND2i72NOvaKNF868jJaPdbrgsPi8Pm8TUA4y6PxgeucQLjSvoQLYoF9peTn7vMLZ8XTAh6WoOXfnQJBwHhGDA=="}
  [1m[36mUser Load (0.8ms)[0m  [1m[34mSELECT  "users".* FROM "users" WHERE "users"."id" = $1 ORDER BY "users"."id" ASC LIMIT $2[0m  [["id", 1], ["LIMIT", 1]]
  [1m[35m (0.1ms)[0m  [1m[35mBEGIN[0m
  [1m[35m (0.2ms)[0m  [1m[35mCOMMIT[0m
Redirected to http://localhost:3000/
Completed 302 Found in 7ms (ActiveRecord: 1.1ms)


Started GET "/" for ::1 at 2017-04-03 16:44:20 -0700
Processing by SalesforcecohortsController#index as HTML
Completed 401 Unauthorized in 1ms (ActiveRecord: 0.0ms)


Started GET "/users/sign_in" for ::1 at 2017-04-03 16:44:20 -0700
Processing by Devise::SessionsController#new as HTML
  Rendering devise/sessions/new.html.erb within layouts/application
  Rendered devise/shared/_links.html.erb (1.1ms)
  Rendered devise/sessions/new.html.erb within layouts/application (7.7ms)
Completed 200 OK in 70ms (Views: 69.1ms | ActiveRecord: 0.0ms)


Started GET "/users/sign_in" for ::1 at 2017-04-03 16:48:56 -0700
  [1m[36mActiveRecord::SchemaMigration Load (0.7ms)[0m  [1m[34mSELECT "schema_migrations".* FROM "schema_migrations"[0m
Processing by Devise::SessionsController#new as HTML
  Rendering devise/sessions/new.html.erb within layouts/application
  Rendered devise/shared/_links.html.erb (1.4ms)
  Rendered devise/sessions/new.html.erb within layouts/application (41.1ms)
Completed 200 OK in 454ms (Views: 417.0ms | ActiveRecord: 7.2ms)


Started GET "/users/sign_up" for ::1 at 2017-04-03 16:49:00 -0700
Processing by Devise::RegistrationsController#new as HTML
  Rendering devise/registrations/new.html.erb within layouts/application
  Rendered devise/registrations/new.html.erb within layouts/application (11.0ms)
Completed 500 Internal Server Error in 61ms (ActiveRecord: 0.0ms)


  
ActionView::Template::Error (undefined method `map' for nil:NilClass
Did you mean?  tap):
    31:   <div class="m-2 mt-4 d-flex justify-content-center flex-column">
    32:     <%= f.label :Your_cohort %>
    33:     <% @select_cohort = [] %>
    34:     <% @salesforcecohorts.map do |c|
    35:         if c.Start_Date__c == nil
    36:         elsif c.Start_Date__c > Date.today - 1.month and c.Start_Date__c < Date.today + 1.month
    37:         @select_cohort += ["#{c.Name}"]
  
app/views/devise/registrations/new.html.erb:34:in `block in _app_views_devise_registrations_new_html_erb__2067431327788725469_70107097506960'
app/views/devise/registrations/new.html.erb:5:in `_app_views_devise_registrations_new_html_erb__2067431327788725469_70107097506960'
  Rendering /Users/antoinekrainc/.rvm/gems/ruby-2.3.1/gems/actionpack-5.0.2/lib/action_dispatch/middleware/templates/rescues/template_error.html.erb within rescues/layout
  Rendering /Users/antoinekrainc/.rvm/gems/ruby-2.3.1/gems/actionpack-5.0.2/lib/action_dispatch/middleware/templates/rescues/_source.html.erb
  Rendered /Users/antoinekrainc/.rvm/gems/ruby-2.3.1/gems/actionpack-5.0.2/lib/action_dispatch/middleware/templates/rescues/_source.html.erb (7.3ms)
  Rendering /Users/antoinekrainc/.rvm/gems/ruby-2.3.1/gems/actionpack-5.0.2/lib/action_dispatch/middleware/templates/rescues/_trace.html.erb
  Rendered /Users/antoinekrainc/.rvm/gems/ruby-2.3.1/gems/actionpack-5.0.2/lib/action_dispatch/middleware/templates/rescues/_trace.html.erb (2.3ms)
  Rendering /Users/antoinekrainc/.rvm/gems/ruby-2.3.1/gems/actionpack-5.0.2/lib/action_dispatch/middleware/templates/rescues/_request_and_response.html.erb
  Rendered /Users/antoinekrainc/.rvm/gems/ruby-2.3.1/gems/actionpack-5.0.2/lib/action_dispatch/middleware/templates/rescues/_request_and_response.html.erb (1.1ms)
  Rendered /Users/antoinekrainc/.rvm/gems/ruby-2.3.1/gems/actionpack-5.0.2/lib/action_dispatch/middleware/templates/rescues/template_error.html.erb within rescues/layout (90.6ms)
Started GET "/users/sign_up" for ::1 at 2017-04-03 16:49:20 -0700
Processing by Devise::RegistrationsController#new as HTML
  Rendering devise/registrations/new.html.erb within layouts/application
  Rendered devise/registrations/new.html.erb within layouts/application (2.6ms)
Completed 500 Internal Server Error in 13ms (ActiveRecord: 0.0ms)


  
SyntaxError (/Users/antoinekrainc/Dropbox/GITHUB/make-up-class-project/app/views/devise/registrations/new.html.erb:34: syntax error, unexpected keyword_do, expecting keyword_end
     @salesforcecohorts do |c|
                          ^
/Users/antoinekrainc/Dropbox/GITHUB/make-up-class-project/app/views/devise/registrations/new.html.erb:62: syntax error, unexpected keyword_ensure, expecting end-of-input):
  
app/views/devise/registrations/new.html.erb:34: syntax error, unexpected keyword_do, expecting keyword_end
app/views/devise/registrations/new.html.erb:62: syntax error, unexpected keyword_ensure, expecting end-of-input
  Rendering /Users/antoinekrainc/.rvm/gems/ruby-2.3.1/gems/actionpack-5.0.2/lib/action_dispatch/middleware/templates/rescues/diagnostics.html.erb within rescues/layout
  Rendering /Users/antoinekrainc/.rvm/gems/ruby-2.3.1/gems/actionpack-5.0.2/lib/action_dispatch/middleware/templates/rescues/_source.html.erb
  Rendered /Users/antoinekrainc/.rvm/gems/ruby-2.3.1/gems/actionpack-5.0.2/lib/action_dispatch/middleware/templates/rescues/_source.html.erb (4.2ms)
  Rendering /Users/antoinekrainc/.rvm/gems/ruby-2.3.1/gems/actionpack-5.0.2/lib/action_dispatch/middleware/templates/rescues/_trace.html.erb
  Rendered /Users/antoinekrainc/.rvm/gems/ruby-2.3.1/gems/actionpack-5.0.2/lib/action_dispatch/middleware/templates/rescues/_trace.html.erb (2.6ms)
  Rendering /Users/antoinekrainc/.rvm/gems/ruby-2.3.1/gems/actionpack-5.0.2/lib/action_dispatch/middleware/templates/rescues/_request_and_response.html.erb
  Rendered /Users/antoinekrainc/.rvm/gems/ruby-2.3.1/gems/actionpack-5.0.2/lib/action_dispatch/middleware/templates/rescues/_request_and_response.html.erb (1.9ms)
  Rendered /Users/antoinekrainc/.rvm/gems/ruby-2.3.1/gems/actionpack-5.0.2/lib/action_dispatch/middleware/templates/rescues/diagnostics.html.erb within rescues/layout (71.4ms)
Started GET "/users/sign_up" for ::1 at 2017-04-03 16:50:12 -0700
Processing by Devise::RegistrationsController#new as HTML
  Rendering devise/registrations/new.html.erb within layouts/application
  Rendered devise/registrations/new.html.erb within layouts/application (7.8ms)
Completed 500 Internal Server Error in 20ms (ActiveRecord: 0.0ms)


  
ActionView::Template::Error (undefined method `each' for nil:NilClass):
    31:   <div class="m-2 mt-4 d-flex justify-content-center flex-column">
    32:     <%= f.label :Your_cohort %>
    33:     <% @select_cohort = [] %>
    34:     <% @salesforcecohorts.each do |c|
    35:         if c.Start_Date__c == nil
    36:         elsif c.Start_Date__c > Date.today - 1.month and c.Start_Date__c < Date.today + 1.month
    37:         @select_cohort += ["#{c.Name}"]
  
app/views/devise/registrations/new.html.erb:34:in `block in _app_views_devise_registrations_new_html_erb__2067431327788725469_70107147064540'
app/views/devise/registrations/new.html.erb:5:in `_app_views_devise_registrations_new_html_erb__2067431327788725469_70107147064540'
  Rendering /Users/antoinekrainc/.rvm/gems/ruby-2.3.1/gems/actionpack-5.0.2/lib/action_dispatch/middleware/templates/rescues/template_error.html.erb within rescues/layout
  Rendering /Users/antoinekrainc/.rvm/gems/ruby-2.3.1/gems/actionpack-5.0.2/lib/action_dispatch/middleware/templates/rescues/_source.html.erb
  Rendered /Users/antoinekrainc/.rvm/gems/ruby-2.3.1/gems/actionpack-5.0.2/lib/action_dispatch/middleware/templates/rescues/_source.html.erb (4.9ms)
  Rendering /Users/antoinekrainc/.rvm/gems/ruby-2.3.1/gems/actionpack-5.0.2/lib/action_dispatch/middleware/templates/rescues/_trace.html.erb
  Rendered /Users/antoinekrainc/.rvm/gems/ruby-2.3.1/gems/actionpack-5.0.2/lib/action_dispatch/middleware/templates/rescues/_trace.html.erb (3.2ms)
  Rendering /Users/antoinekrainc/.rvm/gems/ruby-2.3.1/gems/actionpack-5.0.2/lib/action_dispatch/middleware/templates/rescues/_request_and_response.html.erb
  Rendered /Users/antoinekrainc/.rvm/gems/ruby-2.3.1/gems/actionpack-5.0.2/lib/action_dispatch/middleware/templates/rescues/_request_and_response.html.erb (0.9ms)
  Rendered /Users/antoinekrainc/.rvm/gems/ruby-2.3.1/gems/actionpack-5.0.2/lib/action_dispatch/middleware/templates/rescues/template_error.html.erb within rescues/layout (79.7ms)
Started GET "/users/sign_up" for ::1 at 2017-04-03 16:50:41 -0700
Processing by Devise::RegistrationsController#new as HTML
  Rendering devise/registrations/new.html.erb within layouts/application
  Rendered devise/registrations/new.html.erb within layouts/application (11.0ms)
Completed 500 Internal Server Error in 20ms (ActiveRecord: 0.0ms)


  
ActionView::Template::Error (uninitialized constant ActionView::CompiledTemplates::Cohort__c):
    31:   <div class="m-2 mt-4 d-flex justify-content-center flex-column">
    32:     <%= f.label :Your_cohort %>
    33:     <% @select_cohort = [] %>
    34:     <% Cohort__c.all.map do |c|
    35:         if c.Start_Date__c == nil
    36:         elsif c.Start_Date__c > Date.today - 1.month and c.Start_Date__c < Date.today + 1.month
    37:         @select_cohort += ["#{c.Name}"]
  
app/views/devise/registrations/new.html.erb:34:in `block in _app_views_devise_registrations_new_html_erb__2067431327788725469_70107146705220'
app/views/devise/registrations/new.html.erb:5:in `_app_views_devise_registrations_new_html_erb__2067431327788725469_70107146705220'
  Rendering /Users/antoinekrainc/.rvm/gems/ruby-2.3.1/gems/actionpack-5.0.2/lib/action_dispatch/middleware/templates/rescues/template_error.html.erb within rescues/layout
  Rendering /Users/antoinekrainc/.rvm/gems/ruby-2.3.1/gems/actionpack-5.0.2/lib/action_dispatch/middleware/templates/rescues/_source.html.erb
  Rendered /Users/antoinekrainc/.rvm/gems/ruby-2.3.1/gems/actionpack-5.0.2/lib/action_dispatch/middleware/templates/rescues/_source.html.erb (4.3ms)
  Rendering /Users/antoinekrainc/.rvm/gems/ruby-2.3.1/gems/actionpack-5.0.2/lib/action_dispatch/middleware/templates/rescues/_trace.html.erb
  Rendered /Users/antoinekrainc/.rvm/gems/ruby-2.3.1/gems/actionpack-5.0.2/lib/action_dispatch/middleware/templates/rescues/_trace.html.erb (2.1ms)
  Rendering /Users/antoinekrainc/.rvm/gems/ruby-2.3.1/gems/actionpack-5.0.2/lib/action_dispatch/middleware/templates/rescues/_request_and_response.html.erb
  Rendered /Users/antoinekrainc/.rvm/gems/ruby-2.3.1/gems/actionpack-5.0.2/lib/action_dispatch/middleware/templates/rescues/_request_and_response.html.erb (1.4ms)
  Rendered /Users/antoinekrainc/.rvm/gems/ruby-2.3.1/gems/actionpack-5.0.2/lib/action_dispatch/middleware/templates/rescues/template_error.html.erb within rescues/layout (71.3ms)
Started GET "/users/sign_up" for ::1 at 2017-04-03 16:51:18 -0700
  [1m[36mActiveRecord::SchemaMigration Load (0.9ms)[0m  [1m[34mSELECT "schema_migrations".* FROM "schema_migrations"[0m
Processing by Devise::RegistrationsController#new as HTML
  Rendering devise/registrations/new.html.erb within layouts/application
  Rendered devise/registrations/new.html.erb within layouts/application (50.1ms)
Completed 500 Internal Server Error in 114ms (ActiveRecord: 7.5ms)


  
ActionView::Template::Error (uninitialized constant ActionView::CompiledTemplates::Cohort__c):
    31:   <div class="m-2 mt-4 d-flex justify-content-center flex-column">
    32:     <%= f.label :Your_cohort %>
    33:     <% @select_cohort = [] %>
    34:     <% Cohort__c.all.map do |c|
    35:         if c.Start_Date__c == nil
    36:         elsif c.Start_Date__c > Date.today - 1.month and c.Start_Date__c < Date.today + 1.month
    37:         @select_cohort += ["#{c.Name}"]
  
app/views/devise/registrations/new.html.erb:34:in `block in _app_views_devise_registrations_new_html_erb___3549428985712476593_70219617107000'
app/views/devise/registrations/new.html.erb:5:in `_app_views_devise_registrations_new_html_erb___3549428985712476593_70219617107000'
  Rendering /Users/antoinekrainc/.rvm/gems/ruby-2.3.1/gems/actionpack-5.0.2/lib/action_dispatch/middleware/templates/rescues/template_error.html.erb within rescues/layout
  Rendering /Users/antoinekrainc/.rvm/gems/ruby-2.3.1/gems/actionpack-5.0.2/lib/action_dispatch/middleware/templates/rescues/_source.html.erb
  Rendered /Users/antoinekrainc/.rvm/gems/ruby-2.3.1/gems/actionpack-5.0.2/lib/action_dispatch/middleware/templates/rescues/_source.html.erb (6.0ms)
  Rendering /Users/antoinekrainc/.rvm/gems/ruby-2.3.1/gems/actionpack-5.0.2/lib/action_dispatch/middleware/templates/rescues/_trace.html.erb
  Rendered /Users/antoinekrainc/.rvm/gems/ruby-2.3.1/gems/actionpack-5.0.2/lib/action_dispatch/middleware/templates/rescues/_trace.html.erb (2.3ms)
  Rendering /Users/antoinekrainc/.rvm/gems/ruby-2.3.1/gems/actionpack-5.0.2/lib/action_dispatch/middleware/templates/rescues/_request_and_response.html.erb
  Rendered /Users/antoinekrainc/.rvm/gems/ruby-2.3.1/gems/actionpack-5.0.2/lib/action_dispatch/middleware/templates/rescues/_request_and_response.html.erb (1.1ms)
  Rendered /Users/antoinekrainc/.rvm/gems/ruby-2.3.1/gems/actionpack-5.0.2/lib/action_dispatch/middleware/templates/rescues/template_error.html.erb within rescues/layout (84.1ms)
Started GET "/" for ::1 at 2017-04-03 16:51:39 -0700
Processing by SalesforcecohortsController#index as HTML
Completed 401 Unauthorized in 1ms (ActiveRecord: 0.0ms)


Started GET "/users/sign_in" for ::1 at 2017-04-03 16:51:39 -0700
Processing by Devise::SessionsController#new as HTML
  Rendering devise/sessions/new.html.erb within layouts/application
  Rendered devise/shared/_links.html.erb (2.5ms)
  Rendered devise/sessions/new.html.erb within layouts/application (13.7ms)
Completed 200 OK in 278ms (Views: 272.9ms | ActiveRecord: 0.0ms)


Started GET "/users/sign_up" for ::1 at 2017-04-03 16:51:42 -0700
Processing by Devise::RegistrationsController#new as HTML
  Rendering devise/registrations/new.html.erb within layouts/application
  Rendered devise/registrations/new.html.erb within layouts/application (9.9ms)
Completed 500 Internal Server Error in 37ms (ActiveRecord: 0.0ms)


  
ActionView::Template::Error (uninitialized constant ActionView::CompiledTemplates::Cohort__c):
    31:   <div class="m-2 mt-4 d-flex justify-content-center flex-column">
    32:     <%= f.label :Your_cohort %>
    33:     <% @select_cohort = [] %>
    34:     <% Cohort__c.all.map do |c|
    35:         if c.Start_Date__c == nil
    36:         elsif c.Start_Date__c > Date.today - 1.month and c.Start_Date__c < Date.today + 1.month
    37:         @select_cohort += ["#{c.Name}"]
  
app/views/devise/registrations/new.html.erb:34:in `block in _app_views_devise_registrations_new_html_erb___3549428985712476593_70219603551540'
app/views/devise/registrations/new.html.erb:5:in `_app_views_devise_registrations_new_html_erb___3549428985712476593_70219603551540'
  Rendering /Users/antoinekrainc/.rvm/gems/ruby-2.3.1/gems/actionpack-5.0.2/lib/action_dispatch/middleware/templates/rescues/template_error.html.erb within rescues/layout
  Rendering /Users/antoinekrainc/.rvm/gems/ruby-2.3.1/gems/actionpack-5.0.2/lib/action_dispatch/middleware/templates/rescues/_source.html.erb
  Rendered /Users/antoinekrainc/.rvm/gems/ruby-2.3.1/gems/actionpack-5.0.2/lib/action_dispatch/middleware/templates/rescues/_source.html.erb (6.0ms)
  Rendering /Users/antoinekrainc/.rvm/gems/ruby-2.3.1/gems/actionpack-5.0.2/lib/action_dispatch/middleware/templates/rescues/_trace.html.erb
  Rendered /Users/antoinekrainc/.rvm/gems/ruby-2.3.1/gems/actionpack-5.0.2/lib/action_dispatch/middleware/templates/rescues/_trace.html.erb (8.9ms)
  Rendering /Users/antoinekrainc/.rvm/gems/ruby-2.3.1/gems/actionpack-5.0.2/lib/action_dispatch/middleware/templates/rescues/_request_and_response.html.erb
  Rendered /Users/antoinekrainc/.rvm/gems/ruby-2.3.1/gems/actionpack-5.0.2/lib/action_dispatch/middleware/templates/rescues/_request_and_response.html.erb (1.0ms)
  Rendered /Users/antoinekrainc/.rvm/gems/ruby-2.3.1/gems/actionpack-5.0.2/lib/action_dispatch/middleware/templates/rescues/template_error.html.erb within rescues/layout (89.1ms)
Started GET "/users/sign_up" for ::1 at 2017-04-03 16:53:12 -0700
Processing by Devise::RegistrationsController#new as HTML
  Rendering devise/registrations/new.html.erb within layouts/application
  Rendered devise/registrations/new.html.erb within layouts/application (11.3ms)
Completed 500 Internal Server Error in 38ms (ActiveRecord: 4.5ms)


  
ActionView::Template::Error (uninitialized constant ActionView::CompiledTemplates::Cohort__c):
    31:   <div class="m-2 mt-4 d-flex justify-content-center flex-column">
    32:     <%= f.label :Your_cohort %>
    33:     <% @select_cohort = [] %>
    34:     <% Cohort__c.all.map do |c|
    35:         if c.Start_Date__c == nil
    36:         elsif c.Start_Date__c > Date.today - 1.month and c.Start_Date__c < Date.today + 1.month
    37:         @select_cohort += ["#{c.Name}"]
  
app/views/devise/registrations/new.html.erb:34:in `block in _app_views_devise_registrations_new_html_erb___3549428985712476593_70219601623020'
app/views/devise/registrations/new.html.erb:5:in `_app_views_devise_registrations_new_html_erb___3549428985712476593_70219601623020'
  Rendering /Users/antoinekrainc/.rvm/gems/ruby-2.3.1/gems/actionpack-5.0.2/lib/action_dispatch/middleware/templates/rescues/template_error.html.erb within rescues/layout
  Rendering /Users/antoinekrainc/.rvm/gems/ruby-2.3.1/gems/actionpack-5.0.2/lib/action_dispatch/middleware/templates/rescues/_source.html.erb
  Rendered /Users/antoinekrainc/.rvm/gems/ruby-2.3.1/gems/actionpack-5.0.2/lib/action_dispatch/middleware/templates/rescues/_source.html.erb (3.5ms)
  Rendering /Users/antoinekrainc/.rvm/gems/ruby-2.3.1/gems/actionpack-5.0.2/lib/action_dispatch/middleware/templates/rescues/_trace.html.erb
  Rendered /Users/antoinekrainc/.rvm/gems/ruby-2.3.1/gems/actionpack-5.0.2/lib/action_dispatch/middleware/templates/rescues/_trace.html.erb (1.8ms)
  Rendering /Users/antoinekrainc/.rvm/gems/ruby-2.3.1/gems/actionpack-5.0.2/lib/action_dispatch/middleware/templates/rescues/_request_and_response.html.erb
  Rendered /Users/antoinekrainc/.rvm/gems/ruby-2.3.1/gems/actionpack-5.0.2/lib/action_dispatch/middleware/templates/rescues/_request_and_response.html.erb (0.8ms)
  Rendered /Users/antoinekrainc/.rvm/gems/ruby-2.3.1/gems/actionpack-5.0.2/lib/action_dispatch/middleware/templates/rescues/template_error.html.erb within rescues/layout (60.4ms)
Started GET "/" for ::1 at 2017-04-03 16:53:45 -0700
Processing by SalesforcecohortsController#index as HTML
Completed 401 Unauthorized in 4ms (ActiveRecord: 0.0ms)


Started GET "/users/sign_in" for ::1 at 2017-04-03 16:53:45 -0700
Processing by Devise::SessionsController#new as HTML
  Rendering devise/sessions/new.html.erb within layouts/application
  Rendered devise/shared/_links.html.erb (1.1ms)
  Rendered devise/sessions/new.html.erb within layouts/application (6.5ms)
Completed 200 OK in 72ms (Views: 52.0ms | ActiveRecord: 7.6ms)


Started GET "/users/sign_up" for ::1 at 2017-04-03 16:53:50 -0700
Processing by Devise::RegistrationsController#new as HTML
  Rendering devise/registrations/new.html.erb within layouts/application
  Rendered devise/registrations/new.html.erb within layouts/application (20.5ms)
Completed 500 Internal Server Error in 35ms (ActiveRecord: 0.0ms)


  
ActionView::Template::Error (uninitialized constant ActionView::CompiledTemplates::Cohort__c):
    31:   <div class="m-2 mt-4 d-flex justify-content-center flex-column">
    32:     <%= f.label :Your_cohort %>
    33:     <% @select_cohort = [] %>
    34:     <% Cohort__c.all.map do |c|
    35:         if c.Start_Date__c == nil
    36:         elsif c.Start_Date__c > Date.today - 1.month and c.Start_Date__c < Date.today + 1.month
    37:         @select_cohort += ["#{c.Name}"]
  
app/views/devise/registrations/new.html.erb:34:in `block in _app_views_devise_registrations_new_html_erb___3549428985712476593_70219639830820'
app/views/devise/registrations/new.html.erb:5:in `_app_views_devise_registrations_new_html_erb___3549428985712476593_70219639830820'
  Rendering /Users/antoinekrainc/.rvm/gems/ruby-2.3.1/gems/actionpack-5.0.2/lib/action_dispatch/middleware/templates/rescues/template_error.html.erb within rescues/layout
  Rendering /Users/antoinekrainc/.rvm/gems/ruby-2.3.1/gems/actionpack-5.0.2/lib/action_dispatch/middleware/templates/rescues/_source.html.erb
  Rendered /Users/antoinekrainc/.rvm/gems/ruby-2.3.1/gems/actionpack-5.0.2/lib/action_dispatch/middleware/templates/rescues/_source.html.erb (3.8ms)
  Rendering /Users/antoinekrainc/.rvm/gems/ruby-2.3.1/gems/actionpack-5.0.2/lib/action_dispatch/middleware/templates/rescues/_trace.html.erb
  Rendered /Users/antoinekrainc/.rvm/gems/ruby-2.3.1/gems/actionpack-5.0.2/lib/action_dispatch/middleware/templates/rescues/_trace.html.erb (2.6ms)
  Rendering /Users/antoinekrainc/.rvm/gems/ruby-2.3.1/gems/actionpack-5.0.2/lib/action_dispatch/middleware/templates/rescues/_request_and_response.html.erb
  Rendered /Users/antoinekrainc/.rvm/gems/ruby-2.3.1/gems/actionpack-5.0.2/lib/action_dispatch/middleware/templates/rescues/_request_and_response.html.erb (1.1ms)
  Rendered /Users/antoinekrainc/.rvm/gems/ruby-2.3.1/gems/actionpack-5.0.2/lib/action_dispatch/middleware/templates/rescues/template_error.html.erb within rescues/layout (71.9ms)
Started GET "/" for ::1 at 2017-04-03 16:54:10 -0700
  [1m[36mActiveRecord::SchemaMigration Load (1.0ms)[0m  [1m[34mSELECT "schema_migrations".* FROM "schema_migrations"[0m
Processing by SalesforcecohortsController#index as HTML
Completed 401 Unauthorized in 13ms (ActiveRecord: 0.0ms)


Started GET "/users/sign_in" for ::1 at 2017-04-03 16:54:10 -0700
Processing by Devise::SessionsController#new as HTML
  Rendering devise/sessions/new.html.erb within layouts/application
  Rendered devise/shared/_links.html.erb (1.4ms)
  Rendered devise/sessions/new.html.erb within layouts/application (26.9ms)
Completed 200 OK in 396ms (Views: 364.1ms | ActiveRecord: 6.4ms)


Started GET "/users/sign_up" for ::1 at 2017-04-03 16:54:14 -0700
Processing by Devise::RegistrationsController#new as HTML
  Rendering devise/registrations/new.html.erb within layouts/application
  Rendered devise/registrations/new.html.erb within layouts/application (24.0ms)
Completed 500 Internal Server Error in 42ms (ActiveRecord: 0.0ms)


  
ActionView::Template::Error (uninitialized constant ActionView::CompiledTemplates::Cohort__c):
    31:   <div class="m-2 mt-4 d-flex justify-content-center flex-column">
    32:     <%= f.label :Your_cohort %>
    33:     <% @select_cohort = [] %>
    34:     <% Cohort__c.all.map do |c|
    35:         if c.Start_Date__c == nil
    36:         elsif c.Start_Date__c > Date.today - 1.month and c.Start_Date__c < Date.today + 1.month
    37:         @select_cohort += ["#{c.Name}"]
  
app/views/devise/registrations/new.html.erb:34:in `block in _app_views_devise_registrations_new_html_erb__4168112486807480253_70246108903660'
app/views/devise/registrations/new.html.erb:5:in `_app_views_devise_registrations_new_html_erb__4168112486807480253_70246108903660'
  Rendering /Users/antoinekrainc/.rvm/gems/ruby-2.3.1/gems/actionpack-5.0.2/lib/action_dispatch/middleware/templates/rescues/template_error.html.erb within rescues/layout
  Rendering /Users/antoinekrainc/.rvm/gems/ruby-2.3.1/gems/actionpack-5.0.2/lib/action_dispatch/middleware/templates/rescues/_source.html.erb
  Rendered /Users/antoinekrainc/.rvm/gems/ruby-2.3.1/gems/actionpack-5.0.2/lib/action_dispatch/middleware/templates/rescues/_source.html.erb (4.0ms)
  Rendering /Users/antoinekrainc/.rvm/gems/ruby-2.3.1/gems/actionpack-5.0.2/lib/action_dispatch/middleware/templates/rescues/_trace.html.erb
  Rendered /Users/antoinekrainc/.rvm/gems/ruby-2.3.1/gems/actionpack-5.0.2/lib/action_dispatch/middleware/templates/rescues/_trace.html.erb (2.9ms)
  Rendering /Users/antoinekrainc/.rvm/gems/ruby-2.3.1/gems/actionpack-5.0.2/lib/action_dispatch/middleware/templates/rescues/_request_and_response.html.erb
  Rendered /Users/antoinekrainc/.rvm/gems/ruby-2.3.1/gems/actionpack-5.0.2/lib/action_dispatch/middleware/templates/rescues/_request_and_response.html.erb (0.7ms)
  Rendered /Users/antoinekrainc/.rvm/gems/ruby-2.3.1/gems/actionpack-5.0.2/lib/action_dispatch/middleware/templates/rescues/template_error.html.erb within rescues/layout (69.4ms)
Started GET "/users/sign_up" for ::1 at 2017-04-03 16:55:20 -0700
Processing by Devise::RegistrationsController#new as HTML
  Rendering devise/registrations/new.html.erb within layouts/application
  Rendered devise/registrations/new.html.erb within layouts/application (17.8ms)
Completed 500 Internal Server Error in 80ms (ActiveRecord: 0.0ms)


  
ActionView::Template::Error (undefined method `each' for nil:NilClass):
    31:   <div class="m-2 mt-4 d-flex justify-content-center flex-column">
    32:     <%= f.label :Your_cohort %>
    33:     <% @select_cohort = [] %>
    34:     <% @salesforcecohorts.each do |c|
    35:         if c.Start_Date__c == nil
    36:         elsif c.Start_Date__c > Date.today - 1.month and c.Start_Date__c < Date.today + 1.month
    37:         @select_cohort += ["#{c.Name}"]
  
app/views/devise/registrations/new.html.erb:34:in `block in _app_views_devise_registrations_new_html_erb__4168112486807480253_70246100342020'
app/views/devise/registrations/new.html.erb:5:in `_app_views_devise_registrations_new_html_erb__4168112486807480253_70246100342020'
  Rendering /Users/antoinekrainc/.rvm/gems/ruby-2.3.1/gems/actionpack-5.0.2/lib/action_dispatch/middleware/templates/rescues/template_error.html.erb within rescues/layout
  Rendering /Users/antoinekrainc/.rvm/gems/ruby-2.3.1/gems/actionpack-5.0.2/lib/action_dispatch/middleware/templates/rescues/_source.html.erb
  Rendered /Users/antoinekrainc/.rvm/gems/ruby-2.3.1/gems/actionpack-5.0.2/lib/action_dispatch/middleware/templates/rescues/_source.html.erb (4.1ms)
  Rendering /Users/antoinekrainc/.rvm/gems/ruby-2.3.1/gems/actionpack-5.0.2/lib/action_dispatch/middleware/templates/rescues/_trace.html.erb
  Rendered /Users/antoinekrainc/.rvm/gems/ruby-2.3.1/gems/actionpack-5.0.2/lib/action_dispatch/middleware/templates/rescues/_trace.html.erb (2.2ms)
  Rendering /Users/antoinekrainc/.rvm/gems/ruby-2.3.1/gems/actionpack-5.0.2/lib/action_dispatch/middleware/templates/rescues/_request_and_response.html.erb
  Rendered /Users/antoinekrainc/.rvm/gems/ruby-2.3.1/gems/actionpack-5.0.2/lib/action_dispatch/middleware/templates/rescues/_request_and_response.html.erb (1.1ms)
  Rendered /Users/antoinekrainc/.rvm/gems/ruby-2.3.1/gems/actionpack-5.0.2/lib/action_dispatch/middleware/templates/rescues/template_error.html.erb within rescues/layout (67.6ms)
Started GET "/" for ::1 at 2017-04-03 16:59:38 -0700
Processing by SalesforcecohortsController#index as HTML
Completed 401 Unauthorized in 20ms (ActiveRecord: 0.0ms)


Started GET "/users/sign_in" for ::1 at 2017-04-03 16:59:38 -0700
Processing by Devise::SessionsController#new as HTML
  Rendering devise/sessions/new.html.erb within layouts/application
  Rendered devise/shared/_links.html.erb (3.4ms)
  Rendered devise/sessions/new.html.erb within layouts/application (15.2ms)
Completed 200 OK in 157ms (Views: 149.4ms | ActiveRecord: 0.0ms)


Started GET "/" for ::1 at 2017-04-03 16:59:38 -0700
Processing by SalesforcecohortsController#index as HTML
Completed 401 Unauthorized in 22ms (ActiveRecord: 0.0ms)


Started GET "/users/sign_in" for ::1 at 2017-04-03 16:59:38 -0700
Processing by Devise::SessionsController#new as HTML
  Rendering devise/sessions/new.html.erb within layouts/application
  Rendered devise/shared/_links.html.erb (1.6ms)
  Rendered devise/sessions/new.html.erb within layouts/application (9.6ms)
Completed 200 OK in 111ms (Views: 108.9ms | ActiveRecord: 0.0ms)


Started POST "/users/sign_in" for ::1 at 2017-04-03 16:59:47 -0700
Processing by Devise::SessionsController#create as HTML
  Parameters: {"utf8"=>"✓", "authenticity_token"=>"s1pkXdFWJJT4RZgENb4sQZYUytUl6AlldCTbuO+j4N3OCxIRMd3fYqLqqqCqq8UFncNnQSMRQ8uVI+o5+g4RWA==", "user"=>{"email"=>"antoine@productschool.com", "password"=>"[FILTERED]", "remember_me"=>"0"}, "commit"=>"Log in"}
  [1m[36mUser Load (2.6ms)[0m  [1m[34mSELECT  "users".* FROM "users" WHERE "users"."email" = $1 ORDER BY "users"."id" ASC LIMIT $2[0m  [["email", "antoine@productschool.com"], ["LIMIT", 1]]
  [1m[35m (0.2ms)[0m  [1m[35mBEGIN[0m
  [1m[35mSQL (2.0ms)[0m  [1m[33mUPDATE "users" SET "current_sign_in_at" = $1, "last_sign_in_at" = $2, "sign_in_count" = $3, "updated_at" = $4 WHERE "users"."id" = $5[0m  [["current_sign_in_at", 2017-04-03 23:59:47 UTC], ["last_sign_in_at", 2017-04-03 23:43:50 UTC], ["sign_in_count", 7], ["updated_at", 2017-04-03 23:59:47 UTC], ["id", 1]]
  [1m[35m (0.7ms)[0m  [1m[35mCOMMIT[0m
Redirected to http://localhost:3000/
Completed 302 Found in 203ms (ActiveRecord: 5.4ms)


Started GET "/" for ::1 at 2017-04-03 16:59:47 -0700
Processing by SalesforcecohortsController#index as HTML
  [1m[36mUser Load (1.4ms)[0m  [1m[34mSELECT  "users".* FROM "users" WHERE "users"."id" = $1 ORDER BY "users"."id" ASC LIMIT $2[0m  [["id", 1], ["LIMIT", 1]]
  Rendering salesforcecohorts/index.html.erb within layouts/application
  Rendered salesforcecohorts/index.html.erb within layouts/application (197.2ms)
Completed 200 OK in 3976ms (Views: 238.5ms | ActiveRecord: 1.4ms)


Started GET "/makeups/new?clicked_cohort=SV+-+PM+-+2%2F28%2F2017+-+Tuesday+-+14th&clicked_day=W6B_Date__c&location=4500+Great+America+Pkwy%2C+Santa+Clara%2C+CA+95054" for ::1 at 2017-04-03 16:59:57 -0700
Processing by MakeupsController#new as HTML
  Parameters: {"clicked_cohort"=>"SV - PM - 2/28/2017 - Tuesday - 14th", "clicked_day"=>"W6B_Date__c", "location"=>"4500 Great America Pkwy, Santa Clara, CA 95054"}
  [1m[36mUser Load (2.7ms)[0m  [1m[34mSELECT  "users".* FROM "users" WHERE "users"."id" = $1 ORDER BY "users"."id" ASC LIMIT $2[0m  [["id", 1], ["LIMIT", 1]]
  [1m[35m (1.0ms)[0m  [1m[34mSELECT COUNT(*) FROM "makeups" WHERE "makeups"."clicked_day" = $1 AND "makeups"."clicked_cohort" = $2[0m  [["clicked_day", "W6B_Date__c"], ["clicked_cohort", "SV - PM - 2/28/2017 - Tuesday - 14th"]]
  Rendering makeups/new.html.erb within layouts/application
  Rendered makeups/_form.html.erb (4.0ms)
  Rendered makeups/new.html.erb within layouts/application (7.4ms)
  [1m[35m (0.6ms)[0m  [1m[34mSELECT COUNT(*) FROM "makeups" WHERE "makeups"."clicked_cohort" = $1 AND "makeups"."clicked_day" = $2[0m  [["clicked_cohort", ""], ["clicked_day", "W6B_Date__c"]]
Completed 200 OK in 1136ms (Views: 48.2ms | ActiveRecord: 10.2ms)


Started GET "/salesforcecohorts/index" for ::1 at 2017-04-03 17:00:00 -0700
Processing by SalesforcecohortsController#index as HTML
  [1m[36mUser Load (0.7ms)[0m  [1m[34mSELECT  "users".* FROM "users" WHERE "users"."id" = $1 ORDER BY "users"."id" ASC LIMIT $2[0m  [["id", 1], ["LIMIT", 1]]
  Rendering salesforcecohorts/index.html.erb within layouts/application
  Rendered salesforcecohorts/index.html.erb within layouts/application (224.8ms)
Completed 200 OK in 2477ms (Views: 253.7ms | ActiveRecord: 0.7ms)


Started GET "/users/edit" for ::1 at 2017-04-03 17:03:20 -0700
Processing by Devise::RegistrationsController#edit as HTML
  [1m[36mUser Load (0.4ms)[0m  [1m[34mSELECT  "users".* FROM "users" WHERE "users"."id" = $1 ORDER BY "users"."id" ASC LIMIT $2[0m  [["id", 1], ["LIMIT", 1]]
  Rendering devise/registrations/edit.html.erb within layouts/application
  Rendered devise/registrations/edit.html.erb within layouts/application (2363.2ms)
Completed 200 OK in 2423ms (Views: 2404.2ms | ActiveRecord: 4.8ms)


Started DELETE "/users/sign_out" for ::1 at 2017-04-03 17:03:42 -0700
Processing by Devise::SessionsController#destroy as HTML
  Parameters: {"authenticity_token"=>"VsCBAdNTZxIt4k+OqBVVSpAbXmN10uc0LJIUFb+truawIIhkGXVchxnvNy14fpl9yeWFawTccTAVag3vM6SX/w=="}
  [1m[36mUser Load (0.5ms)[0m  [1m[34mSELECT  "users".* FROM "users" WHERE "users"."id" = $1 ORDER BY "users"."id" ASC LIMIT $2[0m  [["id", 1], ["LIMIT", 1]]
  [1m[35m (0.2ms)[0m  [1m[35mBEGIN[0m
  [1m[35m (0.3ms)[0m  [1m[35mCOMMIT[0m
Redirected to http://localhost:3000/
Completed 302 Found in 10ms (ActiveRecord: 1.0ms)


Started GET "/" for ::1 at 2017-04-03 17:03:42 -0700
Processing by SalesforcecohortsController#index as HTML
Completed 401 Unauthorized in 1ms (ActiveRecord: 0.0ms)


Started GET "/users/sign_in" for ::1 at 2017-04-03 17:03:42 -0700
Processing by Devise::SessionsController#new as HTML
  Rendering devise/sessions/new.html.erb within layouts/application
  Rendered devise/shared/_links.html.erb (1.1ms)
  Rendered devise/sessions/new.html.erb within layouts/application (4.9ms)
Completed 200 OK in 43ms (Views: 41.8ms | ActiveRecord: 0.0ms)


Started GET "/users/sign_up" for ::1 at 2017-04-03 17:03:45 -0700
Processing by Devise::RegistrationsController#new as HTML
  Rendering devise/registrations/new.html.erb within layouts/application
  Rendered devise/registrations/new.html.erb within layouts/application (8.2ms)
Completed 500 Internal Server Error in 23ms (ActiveRecord: 0.0ms)


  
ActionView::Template::Error (undefined method `each' for nil:NilClass):
    31:   <div class="m-2 mt-4 d-flex justify-content-center flex-column">
    32:     <%= f.label :Your_cohort %>
    33:     <% @select_cohort = [] %>
    34:     <% @salesforcecohorts.each do |c|
    35:         if c.Start_Date__c == nil
    36:         elsif c.Start_Date__c > Date.today - 1.month and c.Start_Date__c < Date.today + 1.month
    37:         @select_cohort += ["#{c.Name}"]
  
app/views/devise/registrations/new.html.erb:34:in `block in _app_views_devise_registrations_new_html_erb__4168112486807480253_70246146034880'
app/views/devise/registrations/new.html.erb:5:in `_app_views_devise_registrations_new_html_erb__4168112486807480253_70246146034880'
  Rendering /Users/antoinekrainc/.rvm/gems/ruby-2.3.1/gems/actionpack-5.0.2/lib/action_dispatch/middleware/templates/rescues/template_error.html.erb within rescues/layout
  Rendering /Users/antoinekrainc/.rvm/gems/ruby-2.3.1/gems/actionpack-5.0.2/lib/action_dispatch/middleware/templates/rescues/_source.html.erb
  Rendered /Users/antoinekrainc/.rvm/gems/ruby-2.3.1/gems/actionpack-5.0.2/lib/action_dispatch/middleware/templates/rescues/_source.html.erb (6.0ms)
  Rendering /Users/antoinekrainc/.rvm/gems/ruby-2.3.1/gems/actionpack-5.0.2/lib/action_dispatch/middleware/templates/rescues/_trace.html.erb
  Rendered /Users/antoinekrainc/.rvm/gems/ruby-2.3.1/gems/actionpack-5.0.2/lib/action_dispatch/middleware/templates/rescues/_trace.html.erb (3.6ms)
  Rendering /Users/antoinekrainc/.rvm/gems/ruby-2.3.1/gems/actionpack-5.0.2/lib/action_dispatch/middleware/templates/rescues/_request_and_response.html.erb
  Rendered /Users/antoinekrainc/.rvm/gems/ruby-2.3.1/gems/actionpack-5.0.2/lib/action_dispatch/middleware/templates/rescues/_request_and_response.html.erb (0.9ms)
  Rendered /Users/antoinekrainc/.rvm/gems/ruby-2.3.1/gems/actionpack-5.0.2/lib/action_dispatch/middleware/templates/rescues/template_error.html.erb within rescues/layout (77.3ms)
Started GET "/users/sign_up" for ::1 at 2017-04-03 17:04:01 -0700
Processing by Devise::RegistrationsController#new as HTML
  Rendering devise/registrations/new.html.erb within layouts/application
  Rendered devise/shared/_links.html.erb (1.9ms)
  Rendered devise/registrations/new.html.erb within layouts/application (2166.2ms)
Completed 200 OK in 2202ms (Views: 2200.2ms | ActiveRecord: 0.0ms)


Started GET "/users/sign_in" for ::1 at 2017-04-03 17:04:18 -0700
Processing by Devise::SessionsController#new as HTML
  Rendering devise/sessions/new.html.erb within layouts/application
  Rendered devise/shared/_links.html.erb (2.0ms)
  Rendered devise/sessions/new.html.erb within layouts/application (10.8ms)
Completed 200 OK in 70ms (Views: 69.3ms | ActiveRecord: 0.0ms)


Started GET "/users/sign_up" for ::1 at 2017-04-03 17:04:20 -0700
Processing by Devise::RegistrationsController#new as HTML
  Rendering devise/registrations/new.html.erb within layouts/application
  Rendered devise/shared/_links.html.erb (0.9ms)
  Rendered devise/registrations/new.html.erb within layouts/application (2592.2ms)
Completed 200 OK in 2640ms (Views: 2638.7ms | ActiveRecord: 0.0ms)


Started GET "/" for ::1 at 2017-04-03 17:04:36 -0700
Started GET "/" for ::1 at 2017-04-03 17:04:36 -0700
  [1m[36mActiveRecord::SchemaMigration Load (0.9ms)[0m  [1m[34mSELECT "schema_migrations".* FROM "schema_migrations"[0m
  [1m[36mActiveRecord::SchemaMigration Load (3.2ms)[0m  [1m[34mSELECT "schema_migrations".* FROM "schema_migrations"[0m
Processing by SalesforcecohortsController#index as HTML
Processing by SalesforcecohortsController#index as HTML
Completed 401 Unauthorized in 13ms (ActiveRecord: 0.0ms)


Completed 401 Unauthorized in 0ms (ActiveRecord: 0.0ms)


Started GET "/users/sign_in" for ::1 at 2017-04-03 17:04:36 -0700
Processing by Devise::SessionsController#new as HTML
  Rendering devise/sessions/new.html.erb within layouts/application
  Rendered devise/shared/_links.html.erb (1.6ms)
  Rendered devise/sessions/new.html.erb within layouts/application (28.4ms)
Completed 200 OK in 447ms (Views: 415.3ms | ActiveRecord: 8.9ms)


Started GET "/users/sign_up" for ::1 at 2017-04-03 17:04:39 -0700
Processing by Devise::RegistrationsController#new as HTML
  Rendering devise/registrations/new.html.erb within layouts/application
  Rendered devise/registrations/new.html.erb within layouts/application (34.7ms)
Completed 500 Internal Server Error in 47ms (ActiveRecord: 0.0ms)


  
ActionView::Template::Error (uninitialized constant ActionView::CompiledTemplates::Cohort__c):
    31:   <div class="m-2 mt-4 d-flex justify-content-center flex-column">
    32:     <%= f.label :Your_cohort %>
    33:     <% @select_cohort = [] %>
    34:     <% Cohort__c.all.map do |c|
    35:         if c.Start_Date__c == nil
    36:         elsif c.Start_Date__c > Date.today - 1.month and c.Start_Date__c < Date.today + 1.month
    37:         @select_cohort += ["#{c.Name}"]
  
app/views/devise/registrations/new.html.erb:34:in `block in _app_views_devise_registrations_new_html_erb__1037448268242740337_70229916428120'
app/views/devise/registrations/new.html.erb:5:in `_app_views_devise_registrations_new_html_erb__1037448268242740337_70229916428120'
  Rendering /Users/antoinekrainc/.rvm/gems/ruby-2.3.1/gems/actionpack-5.0.2/lib/action_dispatch/middleware/templates/rescues/template_error.html.erb within rescues/layout
  Rendering /Users/antoinekrainc/.rvm/gems/ruby-2.3.1/gems/actionpack-5.0.2/lib/action_dispatch/middleware/templates/rescues/_source.html.erb
  Rendered /Users/antoinekrainc/.rvm/gems/ruby-2.3.1/gems/actionpack-5.0.2/lib/action_dispatch/middleware/templates/rescues/_source.html.erb (11.4ms)
  Rendering /Users/antoinekrainc/.rvm/gems/ruby-2.3.1/gems/actionpack-5.0.2/lib/action_dispatch/middleware/templates/rescues/_trace.html.erb
  Rendered /Users/antoinekrainc/.rvm/gems/ruby-2.3.1/gems/actionpack-5.0.2/lib/action_dispatch/middleware/templates/rescues/_trace.html.erb (2.0ms)
  Rendering /Users/antoinekrainc/.rvm/gems/ruby-2.3.1/gems/actionpack-5.0.2/lib/action_dispatch/middleware/templates/rescues/_request_and_response.html.erb
  Rendered /Users/antoinekrainc/.rvm/gems/ruby-2.3.1/gems/actionpack-5.0.2/lib/action_dispatch/middleware/templates/rescues/_request_and_response.html.erb (1.1ms)
  Rendered /Users/antoinekrainc/.rvm/gems/ruby-2.3.1/gems/actionpack-5.0.2/lib/action_dispatch/middleware/templates/rescues/template_error.html.erb within rescues/layout (118.2ms)
Started GET "/users/sign_up" for ::1 at 2017-04-03 17:07:30 -0700
Processing by Devise::RegistrationsController#new as HTML
Completed 500 Internal Server Error in 6ms (ActiveRecord: 0.0ms)


  
NoMethodError (undefined method `before' for ApplicationController:Class):
  
activesupport (5.0.2) lib/active_support/callbacks.rb:405:in `public_send'
activesupport (5.0.2) lib/active_support/callbacks.rb:405:in `block in make_lambda'
activesupport (5.0.2) lib/active_support/callbacks.rb:169:in `block (2 levels) in halting'
actionpack (5.0.2) lib/abstract_controller/callbacks.rb:12:in `block (2 levels) in <module:Callbacks>'
activesupport (5.0.2) lib/active_support/callbacks.rb:170:in `block in halting'
activesupport (5.0.2) lib/active_support/callbacks.rb:454:in `block in call'
activesupport (5.0.2) lib/active_support/callbacks.rb:454:in `each'
activesupport (5.0.2) lib/active_support/callbacks.rb:454:in `call'
activesupport (5.0.2) lib/active_support/callbacks.rb:101:in `__run_callbacks__'
activesupport (5.0.2) lib/active_support/callbacks.rb:750:in `_run_process_action_callbacks'
activesupport (5.0.2) lib/active_support/callbacks.rb:90:in `run_callbacks'
actionpack (5.0.2) lib/abstract_controller/callbacks.rb:19:in `process_action'
actionpack (5.0.2) lib/action_controller/metal/rescue.rb:20:in `process_action'
actionpack (5.0.2) lib/action_controller/metal/instrumentation.rb:32:in `block in process_action'
activesupport (5.0.2) lib/active_support/notifications.rb:164:in `block in instrument'
activesupport (5.0.2) lib/active_support/notifications/instrumenter.rb:21:in `instrument'
activesupport (5.0.2) lib/active_support/notifications.rb:164:in `instrument'
actionpack (5.0.2) lib/action_controller/metal/instrumentation.rb:30:in `process_action'
actionpack (5.0.2) lib/action_controller/metal/params_wrapper.rb:248:in `process_action'
activerecord (5.0.2) lib/active_record/railties/controller_runtime.rb:18:in `process_action'
actionpack (5.0.2) lib/abstract_controller/base.rb:126:in `process'
actionview (5.0.2) lib/action_view/rendering.rb:30:in `process'
actionpack (5.0.2) lib/action_controller/metal.rb:190:in `dispatch'
actionpack (5.0.2) lib/action_controller/metal.rb:262:in `dispatch'
actionpack (5.0.2) lib/action_dispatch/routing/route_set.rb:50:in `dispatch'
actionpack (5.0.2) lib/action_dispatch/routing/route_set.rb:32:in `serve'
actionpack (5.0.2) lib/action_dispatch/routing/mapper.rb:16:in `block in <class:Constraints>'
actionpack (5.0.2) lib/action_dispatch/routing/mapper.rb:46:in `serve'
actionpack (5.0.2) lib/action_dispatch/journey/router.rb:39:in `block in serve'
actionpack (5.0.2) lib/action_dispatch/journey/router.rb:26:in `each'
actionpack (5.0.2) lib/action_dispatch/journey/router.rb:26:in `serve'
actionpack (5.0.2) lib/action_dispatch/routing/route_set.rb:725:in `call'
warden (1.2.7) lib/warden/manager.rb:36:in `block in call'
warden (1.2.7) lib/warden/manager.rb:35:in `catch'
warden (1.2.7) lib/warden/manager.rb:35:in `call'
rack (2.0.1) lib/rack/etag.rb:25:in `call'
rack (2.0.1) lib/rack/conditional_get.rb:25:in `call'
rack (2.0.1) lib/rack/head.rb:12:in `call'
rack (2.0.1) lib/rack/session/abstract/id.rb:222:in `context'
rack (2.0.1) lib/rack/session/abstract/id.rb:216:in `call'
actionpack (5.0.2) lib/action_dispatch/middleware/cookies.rb:613:in `call'
activerecord (5.0.2) lib/active_record/migration.rb:553:in `call'
actionpack (5.0.2) lib/action_dispatch/middleware/callbacks.rb:38:in `block in call'
activesupport (5.0.2) lib/active_support/callbacks.rb:97:in `__run_callbacks__'
activesupport (5.0.2) lib/active_support/callbacks.rb:750:in `_run_call_callbacks'
activesupport (5.0.2) lib/active_support/callbacks.rb:90:in `run_callbacks'
actionpack (5.0.2) lib/action_dispatch/middleware/callbacks.rb:36:in `call'
actionpack (5.0.2) lib/action_dispatch/middleware/executor.rb:12:in `call'
actionpack (5.0.2) lib/action_dispatch/middleware/remote_ip.rb:79:in `call'
actionpack (5.0.2) lib/action_dispatch/middleware/debug_exceptions.rb:49:in `call'
web-console (3.5.0) lib/web_console/middleware.rb:135:in `call_app'
web-console (3.5.0) lib/web_console/middleware.rb:28:in `block in call'
web-console (3.5.0) lib/web_console/middleware.rb:18:in `catch'
web-console (3.5.0) lib/web_console/middleware.rb:18:in `call'
actionpack (5.0.2) lib/action_dispatch/middleware/show_exceptions.rb:31:in `call'
railties (5.0.2) lib/rails/rack/logger.rb:36:in `call_app'
railties (5.0.2) lib/rails/rack/logger.rb:24:in `block in call'
activesupport (5.0.2) lib/active_support/tagged_logging.rb:69:in `block in tagged'
activesupport (5.0.2) lib/active_support/tagged_logging.rb:26:in `tagged'
activesupport (5.0.2) lib/active_support/tagged_logging.rb:69:in `tagged'
railties (5.0.2) lib/rails/rack/logger.rb:24:in `call'
sprockets-rails (3.2.0) lib/sprockets/rails/quiet_assets.rb:13:in `call'
actionpack (5.0.2) lib/action_dispatch/middleware/request_id.rb:24:in `call'
rack (2.0.1) lib/rack/method_override.rb:22:in `call'
rack (2.0.1) lib/rack/runtime.rb:22:in `call'
activesupport (5.0.2) lib/active_support/cache/strategy/local_cache_middleware.rb:28:in `call'
actionpack (5.0.2) lib/action_dispatch/middleware/executor.rb:12:in `call'
actionpack (5.0.2) lib/action_dispatch/middleware/static.rb:136:in `call'
rack (2.0.1) lib/rack/sendfile.rb:111:in `call'
railties (5.0.2) lib/rails/engine.rb:522:in `call'
puma (3.8.2) lib/puma/configuration.rb:224:in `call'
puma (3.8.2) lib/puma/server.rb:600:in `handle_request'
puma (3.8.2) lib/puma/server.rb:435:in `process_client'
puma (3.8.2) lib/puma/server.rb:299:in `block in run'
puma (3.8.2) lib/puma/thread_pool.rb:120:in `block in spawn_thread'
  Rendering /Users/antoinekrainc/.rvm/gems/ruby-2.3.1/gems/actionpack-5.0.2/lib/action_dispatch/middleware/templates/rescues/diagnostics.html.erb within rescues/layout
  Rendering /Users/antoinekrainc/.rvm/gems/ruby-2.3.1/gems/actionpack-5.0.2/lib/action_dispatch/middleware/templates/rescues/_source.html.erb
  Rendered /Users/antoinekrainc/.rvm/gems/ruby-2.3.1/gems/actionpack-5.0.2/lib/action_dispatch/middleware/templates/rescues/_source.html.erb (2.6ms)
  Rendering /Users/antoinekrainc/.rvm/gems/ruby-2.3.1/gems/actionpack-5.0.2/lib/action_dispatch/middleware/templates/rescues/_trace.html.erb
  Rendered /Users/antoinekrainc/.rvm/gems/ruby-2.3.1/gems/actionpack-5.0.2/lib/action_dispatch/middleware/templates/rescues/_trace.html.erb (1.7ms)
  Rendering /Users/antoinekrainc/.rvm/gems/ruby-2.3.1/gems/actionpack-5.0.2/lib/action_dispatch/middleware/templates/rescues/_request_and_response.html.erb
  Rendered /Users/antoinekrainc/.rvm/gems/ruby-2.3.1/gems/actionpack-5.0.2/lib/action_dispatch/middleware/templates/rescues/_request_and_response.html.erb (1.2ms)
  Rendered /Users/antoinekrainc/.rvm/gems/ruby-2.3.1/gems/actionpack-5.0.2/lib/action_dispatch/middleware/templates/rescues/diagnostics.html.erb within rescues/layout (58.8ms)
Started GET "/users/sign_up" for ::1 at 2017-04-03 17:08:12 -0700
Processing by Devise::RegistrationsController#new as HTML
  Rendering devise/registrations/new.html.erb within layouts/application
  Rendered devise/registrations/new.html.erb within layouts/application (12.0ms)
Completed 500 Internal Server Error in 57ms (ActiveRecord: 8.3ms)


  
ActionView::Template::Error (uninitialized constant ActionView::CompiledTemplates::Cohort__c):
    31:   <div class="m-2 mt-4 d-flex justify-content-center flex-column">
    32:     <%= f.label :Your_cohort %>
    33:     <% @select_cohort = [] %>
    34:     <% Cohort__c.all.map do |c|
    35:         if c.Start_Date__c == nil
    36:         elsif c.Start_Date__c > Date.today - 1.month and c.Start_Date__c < Date.today + 1.month
    37:         @select_cohort += ["#{c.Name}"]
  
app/views/devise/registrations/new.html.erb:34:in `block in _app_views_devise_registrations_new_html_erb__1037448268242740337_70229919999820'
app/views/devise/registrations/new.html.erb:5:in `_app_views_devise_registrations_new_html_erb__1037448268242740337_70229919999820'
  Rendering /Users/antoinekrainc/.rvm/gems/ruby-2.3.1/gems/actionpack-5.0.2/lib/action_dispatch/middleware/templates/rescues/template_error.html.erb within rescues/layout
  Rendering /Users/antoinekrainc/.rvm/gems/ruby-2.3.1/gems/actionpack-5.0.2/lib/action_dispatch/middleware/templates/rescues/_source.html.erb
  Rendered /Users/antoinekrainc/.rvm/gems/ruby-2.3.1/gems/actionpack-5.0.2/lib/action_dispatch/middleware/templates/rescues/_source.html.erb (4.2ms)
  Rendering /Users/antoinekrainc/.rvm/gems/ruby-2.3.1/gems/actionpack-5.0.2/lib/action_dispatch/middleware/templates/rescues/_trace.html.erb
  Rendered /Users/antoinekrainc/.rvm/gems/ruby-2.3.1/gems/actionpack-5.0.2/lib/action_dispatch/middleware/templates/rescues/_trace.html.erb (4.9ms)
  Rendering /Users/antoinekrainc/.rvm/gems/ruby-2.3.1/gems/actionpack-5.0.2/lib/action_dispatch/middleware/templates/rescues/_request_and_response.html.erb
  Rendered /Users/antoinekrainc/.rvm/gems/ruby-2.3.1/gems/actionpack-5.0.2/lib/action_dispatch/middleware/templates/rescues/_request_and_response.html.erb (0.9ms)
  Rendered /Users/antoinekrainc/.rvm/gems/ruby-2.3.1/gems/actionpack-5.0.2/lib/action_dispatch/middleware/templates/rescues/template_error.html.erb within rescues/layout (86.4ms)
Started GET "/users/sign_up" for ::1 at 2017-04-03 17:09:11 -0700
Processing by Devise::RegistrationsController#new as HTML
  Rendering devise/registrations/new.html.erb within layouts/application
  Rendered devise/registrations/new.html.erb within layouts/application (7.5ms)
Completed 500 Internal Server Error in 30ms (ActiveRecord: 0.0ms)


  
ActionView::Template::Error (uninitialized constant ActionView::CompiledTemplates::Cohort__c):
    31:   <div class="m-2 mt-4 d-flex justify-content-center flex-column">
    32:     <%= f.label :Your_cohort %>
    33:     <% @select_cohort = [] %>
    34:     <% Cohort__c.all.map do |c|
    35:         if c.Start_Date__c == nil
    36:         elsif c.Start_Date__c > Date.today - 1.month and c.Start_Date__c < Date.today + 1.month
    37:         @select_cohort += ["#{c.Name}"]
  
app/views/devise/registrations/new.html.erb:34:in `block in _app_views_devise_registrations_new_html_erb__1037448268242740337_70229892861780'
app/views/devise/registrations/new.html.erb:5:in `_app_views_devise_registrations_new_html_erb__1037448268242740337_70229892861780'
  Rendering /Users/antoinekrainc/.rvm/gems/ruby-2.3.1/gems/actionpack-5.0.2/lib/action_dispatch/middleware/templates/rescues/template_error.html.erb within rescues/layout
  Rendering /Users/antoinekrainc/.rvm/gems/ruby-2.3.1/gems/actionpack-5.0.2/lib/action_dispatch/middleware/templates/rescues/_source.html.erb
  Rendered /Users/antoinekrainc/.rvm/gems/ruby-2.3.1/gems/actionpack-5.0.2/lib/action_dispatch/middleware/templates/rescues/_source.html.erb (4.3ms)
  Rendering /Users/antoinekrainc/.rvm/gems/ruby-2.3.1/gems/actionpack-5.0.2/lib/action_dispatch/middleware/templates/rescues/_trace.html.erb
  Rendered /Users/antoinekrainc/.rvm/gems/ruby-2.3.1/gems/actionpack-5.0.2/lib/action_dispatch/middleware/templates/rescues/_trace.html.erb (2.6ms)
  Rendering /Users/antoinekrainc/.rvm/gems/ruby-2.3.1/gems/actionpack-5.0.2/lib/action_dispatch/middleware/templates/rescues/_request_and_response.html.erb
  Rendered /Users/antoinekrainc/.rvm/gems/ruby-2.3.1/gems/actionpack-5.0.2/lib/action_dispatch/middleware/templates/rescues/_request_and_response.html.erb (0.9ms)
  Rendered /Users/antoinekrainc/.rvm/gems/ruby-2.3.1/gems/actionpack-5.0.2/lib/action_dispatch/middleware/templates/rescues/template_error.html.erb within rescues/layout (69.7ms)
Started GET "/" for ::1 at 2017-04-03 17:09:18 -0700
Processing by SalesforcecohortsController#index as HTML
Completed 401 Unauthorized in 1ms (ActiveRecord: 0.0ms)


Started GET "/users/sign_in" for ::1 at 2017-04-03 17:09:18 -0700
Processing by Devise::SessionsController#new as HTML
  Rendering devise/sessions/new.html.erb within layouts/application
  Rendered devise/shared/_links.html.erb (1.1ms)
  Rendered devise/sessions/new.html.erb within layouts/application (5.8ms)
Completed 200 OK in 55ms (Views: 52.2ms | ActiveRecord: 0.0ms)


Started POST "/users/sign_in" for ::1 at 2017-04-03 17:09:31 -0700
Processing by Devise::SessionsController#create as HTML
  Parameters: {"utf8"=>"✓", "authenticity_token"=>"smBeRcWXc+9e6PBNqPNzmNKLn6EFX4op/F45UL2PcTWfFp3N3tvIiXg9jskGIbCTP+U/3EVfSykKPjfnoO+5Gg==", "user"=>{"email"=>"antoine@productschool.com", "password"=>"[FILTERED]", "remember_me"=>"0"}, "commit"=>"Log in"}
  [1m[36mUser Load (2.8ms)[0m  [1m[34mSELECT  "users".* FROM "users" WHERE "users"."email" = $1 ORDER BY "users"."id" ASC LIMIT $2[0m  [["email", "antoine@productschool.com"], ["LIMIT", 1]]
  [1m[35m (0.2ms)[0m  [1m[35mBEGIN[0m
  [1m[35mSQL (0.7ms)[0m  [1m[33mUPDATE "users" SET "current_sign_in_at" = $1, "last_sign_in_at" = $2, "sign_in_count" = $3, "updated_at" = $4 WHERE "users"."id" = $5[0m  [["current_sign_in_at", 2017-04-04 00:09:31 UTC], ["last_sign_in_at", 2017-04-03 23:59:47 UTC], ["sign_in_count", 8], ["updated_at", 2017-04-04 00:09:31 UTC], ["id", 1]]
  [1m[35m (65.4ms)[0m  [1m[35mCOMMIT[0m
Redirected to http://localhost:3000/
Completed 302 Found in 246ms (ActiveRecord: 69.1ms)


Started GET "/" for ::1 at 2017-04-03 17:09:31 -0700
Processing by SalesforcecohortsController#index as HTML
  [1m[36mUser Load (1.2ms)[0m  [1m[34mSELECT  "users".* FROM "users" WHERE "users"."id" = $1 ORDER BY "users"."id" ASC LIMIT $2[0m  [["id", 1], ["LIMIT", 1]]
  Rendering salesforcecohorts/index.html.erb within layouts/application
  Rendered salesforcecohorts/index.html.erb within layouts/application (170.3ms)
Completed 200 OK in 3848ms (Views: 196.1ms | ActiveRecord: 1.2ms)


Started GET "/users/edit" for ::1 at 2017-04-03 17:09:41 -0700
Processing by Devise::RegistrationsController#edit as HTML
  [1m[36mUser Load (11.3ms)[0m  [1m[34mSELECT  "users".* FROM "users" WHERE "users"."id" = $1 ORDER BY "users"."id" ASC LIMIT $2[0m  [["id", 1], ["LIMIT", 1]]
  Rendering devise/registrations/edit.html.erb within layouts/application
  Rendered devise/registrations/edit.html.erb within layouts/application (2240.2ms)
Completed 200 OK in 2304ms (Views: 2290.3ms | ActiveRecord: 11.3ms)


Started DELETE "/users/sign_out" for ::1 at 2017-04-03 17:09:48 -0700
Processing by Devise::SessionsController#destroy as HTML
  Parameters: {"authenticity_token"=>"KTy3mWCipPIx9m7rNCG/zyc9fCOYrl+hcaL/boFnsHd1JW7AuZqtNEp1pfHx1qIADk+xXmoYtCJg/YLIhCCKHg=="}
  [1m[36mUser Load (0.4ms)[0m  [1m[34mSELECT  "users".* FROM "users" WHERE "users"."id" = $1 ORDER BY "users"."id" ASC LIMIT $2[0m  [["id", 1], ["LIMIT", 1]]
  [1m[35m (0.3ms)[0m  [1m[35mBEGIN[0m
  [1m[35m (0.2ms)[0m  [1m[35mCOMMIT[0m
Redirected to http://localhost:3000/
Completed 302 Found in 10ms (ActiveRecord: 0.9ms)


Started GET "/" for ::1 at 2017-04-03 17:09:48 -0700
Processing by SalesforcecohortsController#index as HTML
Completed 401 Unauthorized in 1ms (ActiveRecord: 0.0ms)


Started GET "/users/sign_in" for ::1 at 2017-04-03 17:09:48 -0700
Processing by Devise::SessionsController#new as HTML
  Rendering devise/sessions/new.html.erb within layouts/application
  Rendered devise/shared/_links.html.erb (1.1ms)
  Rendered devise/sessions/new.html.erb within layouts/application (7.1ms)
Completed 200 OK in 53ms (Views: 51.6ms | ActiveRecord: 0.0ms)


Started GET "/users/sign_up" for ::1 at 2017-04-03 17:09:51 -0700
Processing by Devise::RegistrationsController#new as HTML
  Rendering devise/registrations/new.html.erb within layouts/application
  Rendered devise/shared/_links.html.erb (1.9ms)
  Rendered devise/registrations/new.html.erb within layouts/application (2207.8ms)
Completed 200 OK in 2244ms (Views: 2242.6ms | ActiveRecord: 0.0ms)


Started GET "/users/sign_in" for ::1 at 2017-04-03 17:09:59 -0700
Processing by Devise::SessionsController#new as HTML
  Rendering devise/sessions/new.html.erb within layouts/application
  Rendered devise/shared/_links.html.erb (2.9ms)
  Rendered devise/sessions/new.html.erb within layouts/application (27.7ms)
Completed 200 OK in 100ms (Views: 98.7ms | ActiveRecord: 0.0ms)


Started GET "/users/sign_up" for ::1 at 2017-04-03 17:10:03 -0700
Processing by Devise::RegistrationsController#new as HTML
  Rendering devise/registrations/new.html.erb within layouts/application
  Rendered devise/shared/_links.html.erb (0.9ms)
  Rendered devise/registrations/new.html.erb within layouts/application (2561.3ms)
Completed 200 OK in 2610ms (Views: 2605.3ms | ActiveRecord: 0.0ms)


Started GET "/users/sign_in" for ::1 at 2017-04-03 17:10:07 -0700
Processing by Devise::SessionsController#new as HTML
  Rendering devise/sessions/new.html.erb within layouts/application
  Rendered devise/shared/_links.html.erb (2.5ms)
  Rendered devise/sessions/new.html.erb within layouts/application (12.4ms)
Completed 200 OK in 105ms (Views: 103.0ms | ActiveRecord: 0.0ms)


Started GET "/" for ::1 at 2017-04-03 17:10:17 -0700
  [1m[36mActiveRecord::SchemaMigration Load (0.6ms)[0m  [1m[34mSELECT "schema_migrations".* FROM "schema_migrations"[0m
Processing by SalesforcecohortsController#index as HTML
Completed 401 Unauthorized in 16ms (ActiveRecord: 0.0ms)


Started GET "/users/sign_in" for ::1 at 2017-04-03 17:10:17 -0700
Processing by Devise::SessionsController#new as HTML
  Rendering devise/sessions/new.html.erb within layouts/application
  Rendered devise/shared/_links.html.erb (3.4ms)
  Rendered devise/sessions/new.html.erb within layouts/application (39.1ms)
Completed 200 OK in 467ms (Views: 422.2ms | ActiveRecord: 8.8ms)


Started GET "/users/sign_up" for ::1 at 2017-04-03 17:10:22 -0700
Processing by Devise::RegistrationsController#new as HTML
  Rendering devise/registrations/new.html.erb within layouts/application
  Rendered devise/registrations/new.html.erb within layouts/application (11.6ms)
Completed 500 Internal Server Error in 43ms (ActiveRecord: 0.0ms)


  
ActionView::Template::Error (uninitialized constant ActionView::CompiledTemplates::Cohort__c):
    31:   <div class="m-2 mt-4 d-flex justify-content-center flex-column">
    32:     <%= f.label :Your_cohort %>
    33:     <% @select_cohort = [] %>
    34:     <% Cohort__c.all.map do |c|
    35:         if c.Start_Date__c == nil
    36:         elsif c.Start_Date__c > Date.today - 1.month and c.Start_Date__c < Date.today + 1.month
    37:         @select_cohort += ["#{c.Name}"]
  
app/views/devise/registrations/new.html.erb:34:in `block in _app_views_devise_registrations_new_html_erb___2081330576447153606_70122338292500'
app/views/devise/registrations/new.html.erb:5:in `_app_views_devise_registrations_new_html_erb___2081330576447153606_70122338292500'
  Rendering /Users/antoinekrainc/.rvm/gems/ruby-2.3.1/gems/actionpack-5.0.2/lib/action_dispatch/middleware/templates/rescues/template_error.html.erb within rescues/layout
  Rendering /Users/antoinekrainc/.rvm/gems/ruby-2.3.1/gems/actionpack-5.0.2/lib/action_dispatch/middleware/templates/rescues/_source.html.erb
  Rendered /Users/antoinekrainc/.rvm/gems/ruby-2.3.1/gems/actionpack-5.0.2/lib/action_dispatch/middleware/templates/rescues/_source.html.erb (4.7ms)
  Rendering /Users/antoinekrainc/.rvm/gems/ruby-2.3.1/gems/actionpack-5.0.2/lib/action_dispatch/middleware/templates/rescues/_trace.html.erb
  Rendered /Users/antoinekrainc/.rvm/gems/ruby-2.3.1/gems/actionpack-5.0.2/lib/action_dispatch/middleware/templates/rescues/_trace.html.erb (2.8ms)
  Rendering /Users/antoinekrainc/.rvm/gems/ruby-2.3.1/gems/actionpack-5.0.2/lib/action_dispatch/middleware/templates/rescues/_request_and_response.html.erb
  Rendered /Users/antoinekrainc/.rvm/gems/ruby-2.3.1/gems/actionpack-5.0.2/lib/action_dispatch/middleware/templates/rescues/_request_and_response.html.erb (1.0ms)
  Rendered /Users/antoinekrainc/.rvm/gems/ruby-2.3.1/gems/actionpack-5.0.2/lib/action_dispatch/middleware/templates/rescues/template_error.html.erb within rescues/layout (102.6ms)
Started GET "/" for ::1 at 2017-04-03 17:16:25 -0700
  [1m[36mActiveRecord::SchemaMigration Load (0.6ms)[0m  [1m[34mSELECT "schema_migrations".* FROM "schema_migrations"[0m
  
ActionController::RoutingError (undefined local variable or method `only' for SalesforcecohortsController:Class):
  
app/controllers/salesforcecohorts_controller.rb:3:in `<class:SalesforcecohortsController>'
app/controllers/salesforcecohorts_controller.rb:1:in `<top (required)>'
  Rendering /Users/antoinekrainc/.rvm/gems/ruby-2.3.1/gems/actionpack-5.0.2/lib/action_dispatch/middleware/templates/rescues/routing_error.html.erb within rescues/layout
  Rendering /Users/antoinekrainc/.rvm/gems/ruby-2.3.1/gems/actionpack-5.0.2/lib/action_dispatch/middleware/templates/rescues/_trace.html.erb
  Rendered /Users/antoinekrainc/.rvm/gems/ruby-2.3.1/gems/actionpack-5.0.2/lib/action_dispatch/middleware/templates/rescues/_trace.html.erb (1.8ms)
  Rendered collection of /Users/antoinekrainc/.rvm/gems/ruby-2.3.1/gems/actionpack-5.0.2/lib/action_dispatch/middleware/templates/routes/_route.html.erb [26 times] (29.5ms)
  Rendered /Users/antoinekrainc/.rvm/gems/ruby-2.3.1/gems/actionpack-5.0.2/lib/action_dispatch/middleware/templates/routes/_table.html.erb (8.4ms)
  Rendering /Users/antoinekrainc/.rvm/gems/ruby-2.3.1/gems/actionpack-5.0.2/lib/action_dispatch/middleware/templates/rescues/_request_and_response.html.erb
  Rendered /Users/antoinekrainc/.rvm/gems/ruby-2.3.1/gems/actionpack-5.0.2/lib/action_dispatch/middleware/templates/rescues/_request_and_response.html.erb (13.5ms)
  Rendered /Users/antoinekrainc/.rvm/gems/ruby-2.3.1/gems/actionpack-5.0.2/lib/action_dispatch/middleware/templates/rescues/routing_error.html.erb within rescues/layout (144.5ms)
Started GET "/" for ::1 at 2017-04-03 17:16:25 -0700
  
ActionController::RoutingError (undefined local variable or method `only' for SalesforcecohortsController:Class):
  
app/controllers/salesforcecohorts_controller.rb:3:in `<class:SalesforcecohortsController>'
app/controllers/salesforcecohorts_controller.rb:1:in `<top (required)>'
  Rendering /Users/antoinekrainc/.rvm/gems/ruby-2.3.1/gems/actionpack-5.0.2/lib/action_dispatch/middleware/templates/rescues/routing_error.html.erb within rescues/layout
  Rendering /Users/antoinekrainc/.rvm/gems/ruby-2.3.1/gems/actionpack-5.0.2/lib/action_dispatch/middleware/templates/rescues/_trace.html.erb
  Rendered /Users/antoinekrainc/.rvm/gems/ruby-2.3.1/gems/actionpack-5.0.2/lib/action_dispatch/middleware/templates/rescues/_trace.html.erb (1.6ms)
  Rendered collection of /Users/antoinekrainc/.rvm/gems/ruby-2.3.1/gems/actionpack-5.0.2/lib/action_dispatch/middleware/templates/routes/_route.html.erb [26 times] (11.4ms)
  Rendered /Users/antoinekrainc/.rvm/gems/ruby-2.3.1/gems/actionpack-5.0.2/lib/action_dispatch/middleware/templates/routes/_table.html.erb (1.5ms)
  Rendering /Users/antoinekrainc/.rvm/gems/ruby-2.3.1/gems/actionpack-5.0.2/lib/action_dispatch/middleware/templates/rescues/_request_and_response.html.erb
  Rendered /Users/antoinekrainc/.rvm/gems/ruby-2.3.1/gems/actionpack-5.0.2/lib/action_dispatch/middleware/templates/rescues/_request_and_response.html.erb (1.4ms)
  Rendered /Users/antoinekrainc/.rvm/gems/ruby-2.3.1/gems/actionpack-5.0.2/lib/action_dispatch/middleware/templates/rescues/routing_error.html.erb within rescues/layout (102.3ms)
Started GET "/" for ::1 at 2017-04-03 17:16:51 -0700
Processing by SalesforcecohortsController#index as HTML
  Rendering salesforcecohorts/index.html.erb within layouts/application
  Rendered salesforcecohorts/index.html.erb within layouts/application (199.9ms)
Completed 200 OK in 4081ms (Views: 468.1ms | ActiveRecord: 0.0ms)


Started GET "/makeups/new?clicked_cohort=SF+-+COD+-+4%2F10%2F2017+-+Monday+-+3rd&clicked_day=W1B_Date__c&location=415+Jackson+St%2C+San+Francisco%2C+CA+94111" for ::1 at 2017-04-03 17:17:01 -0700
Processing by MakeupsController#new as HTML
  Parameters: {"clicked_cohort"=>"SF - COD - 4/10/2017 - Monday - 3rd", "clicked_day"=>"W1B_Date__c", "location"=>"415 Jackson St, San Francisco, CA 94111"}
Completed 401 Unauthorized in 1ms (ActiveRecord: 0.0ms)


Started GET "/users/sign_in" for ::1 at 2017-04-03 17:17:01 -0700
Processing by Devise::SessionsController#new as HTML
  Rendering devise/sessions/new.html.erb within layouts/application
  Rendered devise/shared/_links.html.erb (1.3ms)
  Rendered devise/sessions/new.html.erb within layouts/application (15.2ms)
Completed 200 OK in 80ms (Views: 44.3ms | ActiveRecord: 14.7ms)


Started GET "/users/sign_up" for ::1 at 2017-04-03 17:17:06 -0700
Processing by Devise::RegistrationsController#new as HTML
  Rendering devise/registrations/new.html.erb within layouts/application
  Rendered devise/shared/_links.html.erb (1.0ms)
  Rendered devise/registrations/new.html.erb within layouts/application (2466.1ms)
Completed 200 OK in 2520ms (Views: 2519.0ms | ActiveRecord: 0.0ms)


Started GET "/" for ::1 at 2017-04-07 14:34:12 -0700
  [1m[36mActiveRecord::SchemaMigration Load (27.4ms)[0m  [1m[34mSELECT "schema_migrations".* FROM "schema_migrations"[0m
Processing by SalesforcecohortsController#index as HTML
Completed 500 Internal Server Error in 336ms (ActiveRecord: 0.0ms)


  
Databasedotcom::SalesForceError (client identifier invalid):
  
app/controllers/salesforcecohorts_controller.rb:6:in `index'
  Rendering /Users/antoinekrainc/.rvm/gems/ruby-2.3.1/gems/actionpack-5.0.2/lib/action_dispatch/middleware/templates/rescues/diagnostics.html.erb within rescues/layout
  Rendering /Users/antoinekrainc/.rvm/gems/ruby-2.3.1/gems/actionpack-5.0.2/lib/action_dispatch/middleware/templates/rescues/_source.html.erb
  Rendered /Users/antoinekrainc/.rvm/gems/ruby-2.3.1/gems/actionpack-5.0.2/lib/action_dispatch/middleware/templates/rescues/_source.html.erb (3.4ms)
  Rendering /Users/antoinekrainc/.rvm/gems/ruby-2.3.1/gems/actionpack-5.0.2/lib/action_dispatch/middleware/templates/rescues/_trace.html.erb
  Rendered /Users/antoinekrainc/.rvm/gems/ruby-2.3.1/gems/actionpack-5.0.2/lib/action_dispatch/middleware/templates/rescues/_trace.html.erb (13.4ms)
  Rendering /Users/antoinekrainc/.rvm/gems/ruby-2.3.1/gems/actionpack-5.0.2/lib/action_dispatch/middleware/templates/rescues/_request_and_response.html.erb
  Rendered /Users/antoinekrainc/.rvm/gems/ruby-2.3.1/gems/actionpack-5.0.2/lib/action_dispatch/middleware/templates/rescues/_request_and_response.html.erb (1.5ms)
  Rendered /Users/antoinekrainc/.rvm/gems/ruby-2.3.1/gems/actionpack-5.0.2/lib/action_dispatch/middleware/templates/rescues/diagnostics.html.erb within rescues/layout (95.5ms)
Started GET "/" for ::1 at 2017-04-07 14:35:23 -0700
Processing by SalesforcecohortsController#index as HTML
Completed 500 Internal Server Error in 2ms (ActiveRecord: 0.0ms)


  
URI::InvalidURIError (bad URI(is not URI?): ):
  
app/controllers/salesforcecohorts_controller.rb:6:in `index'
  Rendering /Users/antoinekrainc/.rvm/gems/ruby-2.3.1/gems/actionpack-5.0.2/lib/action_dispatch/middleware/templates/rescues/diagnostics.html.erb within rescues/layout
  Rendering /Users/antoinekrainc/.rvm/gems/ruby-2.3.1/gems/actionpack-5.0.2/lib/action_dispatch/middleware/templates/rescues/_source.html.erb
  Rendered /Users/antoinekrainc/.rvm/gems/ruby-2.3.1/gems/actionpack-5.0.2/lib/action_dispatch/middleware/templates/rescues/_source.html.erb (4.0ms)
  Rendering /Users/antoinekrainc/.rvm/gems/ruby-2.3.1/gems/actionpack-5.0.2/lib/action_dispatch/middleware/templates/rescues/_trace.html.erb
  Rendered /Users/antoinekrainc/.rvm/gems/ruby-2.3.1/gems/actionpack-5.0.2/lib/action_dispatch/middleware/templates/rescues/_trace.html.erb (1.9ms)
  Rendering /Users/antoinekrainc/.rvm/gems/ruby-2.3.1/gems/actionpack-5.0.2/lib/action_dispatch/middleware/templates/rescues/_request_and_response.html.erb
  Rendered /Users/antoinekrainc/.rvm/gems/ruby-2.3.1/gems/actionpack-5.0.2/lib/action_dispatch/middleware/templates/rescues/_request_and_response.html.erb (0.9ms)
  Rendered /Users/antoinekrainc/.rvm/gems/ruby-2.3.1/gems/actionpack-5.0.2/lib/action_dispatch/middleware/templates/rescues/diagnostics.html.erb within rescues/layout (65.3ms)
Started GET "/" for ::1 at 2017-04-07 14:35:27 -0700
Processing by SalesforcecohortsController#index as HTML
Completed 500 Internal Server Error in 1ms (ActiveRecord: 0.0ms)


  
URI::InvalidURIError (bad URI(is not URI?): ):
  
app/controllers/salesforcecohorts_controller.rb:6:in `index'
  Rendering /Users/antoinekrainc/.rvm/gems/ruby-2.3.1/gems/actionpack-5.0.2/lib/action_dispatch/middleware/templates/rescues/diagnostics.html.erb within rescues/layout
  Rendering /Users/antoinekrainc/.rvm/gems/ruby-2.3.1/gems/actionpack-5.0.2/lib/action_dispatch/middleware/templates/rescues/_source.html.erb
  Rendered /Users/antoinekrainc/.rvm/gems/ruby-2.3.1/gems/actionpack-5.0.2/lib/action_dispatch/middleware/templates/rescues/_source.html.erb (3.1ms)
  Rendering /Users/antoinekrainc/.rvm/gems/ruby-2.3.1/gems/actionpack-5.0.2/lib/action_dispatch/middleware/templates/rescues/_trace.html.erb
  Rendered /Users/antoinekrainc/.rvm/gems/ruby-2.3.1/gems/actionpack-5.0.2/lib/action_dispatch/middleware/templates/rescues/_trace.html.erb (1.3ms)
  Rendering /Users/antoinekrainc/.rvm/gems/ruby-2.3.1/gems/actionpack-5.0.2/lib/action_dispatch/middleware/templates/rescues/_request_and_response.html.erb
  Rendered /Users/antoinekrainc/.rvm/gems/ruby-2.3.1/gems/actionpack-5.0.2/lib/action_dispatch/middleware/templates/rescues/_request_and_response.html.erb (0.6ms)
  Rendered /Users/antoinekrainc/.rvm/gems/ruby-2.3.1/gems/actionpack-5.0.2/lib/action_dispatch/middleware/templates/rescues/diagnostics.html.erb within rescues/layout (60.2ms)
Started GET "/" for ::1 at 2017-04-07 14:35:39 -0700
  [1m[36mActiveRecord::SchemaMigration Load (0.5ms)[0m  [1m[34mSELECT "schema_migrations".* FROM "schema_migrations"[0m
Processing by SalesforcecohortsController#index as HTML
Completed 500 Internal Server Error in 286ms (ActiveRecord: 0.0ms)


  
Databasedotcom::SalesForceError (client identifier invalid):
  
app/controllers/salesforcecohorts_controller.rb:6:in `index'
  Rendering /Users/antoinekrainc/.rvm/gems/ruby-2.3.1/gems/actionpack-5.0.2/lib/action_dispatch/middleware/templates/rescues/diagnostics.html.erb within rescues/layout
  Rendering /Users/antoinekrainc/.rvm/gems/ruby-2.3.1/gems/actionpack-5.0.2/lib/action_dispatch/middleware/templates/rescues/_source.html.erb
  Rendered /Users/antoinekrainc/.rvm/gems/ruby-2.3.1/gems/actionpack-5.0.2/lib/action_dispatch/middleware/templates/rescues/_source.html.erb (3.7ms)
  Rendering /Users/antoinekrainc/.rvm/gems/ruby-2.3.1/gems/actionpack-5.0.2/lib/action_dispatch/middleware/templates/rescues/_trace.html.erb
  Rendered /Users/antoinekrainc/.rvm/gems/ruby-2.3.1/gems/actionpack-5.0.2/lib/action_dispatch/middleware/templates/rescues/_trace.html.erb (16.6ms)
  Rendering /Users/antoinekrainc/.rvm/gems/ruby-2.3.1/gems/actionpack-5.0.2/lib/action_dispatch/middleware/templates/rescues/_request_and_response.html.erb
  Rendered /Users/antoinekrainc/.rvm/gems/ruby-2.3.1/gems/actionpack-5.0.2/lib/action_dispatch/middleware/templates/rescues/_request_and_response.html.erb (1.3ms)
  Rendered /Users/antoinekrainc/.rvm/gems/ruby-2.3.1/gems/actionpack-5.0.2/lib/action_dispatch/middleware/templates/rescues/diagnostics.html.erb within rescues/layout (93.8ms)
